<?xml version="1.0" encoding="UTF-8"?>
<robot generator="Robot 3.0 (Jython 2.7.0 on java1.8.0_121)" generated="20170420 22:33:23.335">
<suite source="C:\Users\Joel Branham\Documents\SoftwareEngineering\GamegogySprint4\420\Gamegogy\client\src\test\acceptancetest" name="Acceptancetest" id="s1">
<suite source="C:\Users\Joel Branham\Documents\SoftwareEngineering\GamegogySprint4\420\Gamegogy\client\src\test\acceptancetest\feature01.robot" name="Feature01" id="s1-s1">
<test name="Test Gamegogy Load Student Data" id="s1-s1-t1">
<kw library="keywords.GamegogyKeywords" name="Start Gamegogy CLI With Arguments">
<arguments>
<arg>student</arg>
<arg>111128</arg>
</arguments>
<status endtime="20170420 22:33:23.780" starttime="20170420 22:33:23.736" status="PASS"></status>
</kw>
<kw library="keywords.GamegogyKeywords" name="Get Command Line Output">
<assign>
<var>${output}</var>
</assign>
<msg level="INFO" timestamp="20170420 22:33:23.788">${output} = [111128] Maritza Abbott mabbott@jsu.edu</msg>
<status endtime="20170420 22:33:23.790" starttime="20170420 22:33:23.783" status="PASS"></status>
</kw>
<kw library="BuiltIn" name="Should Be Equal">
<doc>Fails if the given objects are unequal.</doc>
<arguments>
<arg>${f01stu_expected}</arg>
<arg>${output}</arg>
</arguments>
<status endtime="20170420 22:33:23.798" starttime="20170420 22:33:23.791" status="PASS"></status>
</kw>
<status critical="yes" endtime="20170420 22:33:23.800" starttime="20170420 22:33:23.729" status="PASS"></status>
</test>
<test name="Test Gamegogy Load Course Data" id="s1-s1-t2">
<kw library="keywords.GamegogyKeywords" name="Start Gamegogy CLI With Arguments">
<arguments>
<arg>course</arg>
<arg>99018</arg>
</arguments>
<status endtime="20170420 22:33:23.855" starttime="20170420 22:33:23.811" status="PASS"></status>
</kw>
<kw library="keywords.GamegogyKeywords" name="Get Command Line Output">
<assign>
<var>${output}</var>
</assign>
<msg level="INFO" timestamp="20170420 22:33:23.870">${output} = [99018] Spring 2014 (16 students)</msg>
<status endtime="20170420 22:33:23.872" starttime="20170420 22:33:23.866" status="PASS"></status>
</kw>
<kw library="BuiltIn" name="Should Be Equal">
<doc>Fails if the given objects are unequal.</doc>
<arguments>
<arg>${f01crs_expected}</arg>
<arg>${output}</arg>
</arguments>
<status endtime="20170420 22:33:23.881" starttime="20170420 22:33:23.875" status="PASS"></status>
</kw>
<status critical="yes" endtime="20170420 22:33:23.883" starttime="20170420 22:33:23.805" status="PASS"></status>
</test>
<test name="Test Gamegogy With No Arguments" id="s1-s1-t3">
<kw library="keywords.GamegogyKeywords" name="Start Gamegogy CLI With Arguments">
<status endtime="20170420 22:33:24.375" starttime="20170420 22:33:23.894" status="PASS"></status>
</kw>
<kw library="keywords.GamegogyKeywords" name="Get Command Line Output">
<assign>
<var>${output}</var>
</assign>
<msg level="INFO" timestamp="20170420 22:33:24.390">${output} = </msg>
<status endtime="20170420 22:33:24.391" starttime="20170420 22:33:24.380" status="PASS"></status>
</kw>
<kw library="BuiltIn" name="Should Be Equal">
<doc>Fails if the given objects are unequal.</doc>
<arguments>
<arg>${output}</arg>
</arguments>
<status endtime="20170420 22:33:24.406" starttime="20170420 22:33:24.397" status="PASS"></status>
</kw>
<status critical="yes" endtime="20170420 22:33:24.408" starttime="20170420 22:33:23.888" status="PASS"></status>
</test>
<status endtime="20170420 22:33:24.420" starttime="20170420 22:33:23.671" status="PASS"></status>
</suite>
<suite source="C:\Users\Joel Branham\Documents\SoftwareEngineering\GamegogySprint4\420\Gamegogy\client\src\test\acceptancetest\feature02.robot" name="Feature02" id="s1-s2">
<test name="Test Gamegogy Load Student List" id="s1-s2-t1">
<kw library="keywords.GamegogyKeywords" name="Start Gamegogy CLI With Arguments">
<arguments>
<arg>studentids</arg>
</arguments>
<status endtime="20170420 22:33:24.580" starttime="20170420 22:33:24.568" status="PASS"></status>
</kw>
<kw library="keywords.GamegogyKeywords" name="Get Command Line Output">
<assign>
<var>${output}</var>
</assign>
<msg level="INFO" timestamp="20170420 22:33:24.587">${output} = 111111
111112
111113
111114
111115
111116
111117
111118
111119
111120
111121
111122
111123
111124
111125
111126
111127
111128
111129
111130
111131
111132
111133
111134
111135
111136
111137
111138
1111...</msg>
<status endtime="20170420 22:33:24.588" starttime="20170420 22:33:24.582" status="PASS"></status>
</kw>
<kw library="BuiltIn" name="Should Be Equal">
<doc>Fails if the given objects are unequal.</doc>
<arguments>
<arg>${f02stu_expected}</arg>
<arg>${output}</arg>
</arguments>
<status endtime="20170420 22:33:24.598" starttime="20170420 22:33:24.590" status="PASS"></status>
</kw>
<status critical="yes" endtime="20170420 22:33:24.601" starttime="20170420 22:33:24.557" status="PASS"></status>
</test>
<test name="Test Gamegogy Load Course List" id="s1-s2-t2">
<kw library="keywords.GamegogyKeywords" name="Start Gamegogy CLI With Arguments">
<arguments>
<arg>courseids</arg>
</arguments>
<status endtime="20170420 22:33:24.631" starttime="20170420 22:33:24.611" status="PASS"></status>
</kw>
<kw library="keywords.GamegogyKeywords" name="Get Command Line Output">
<assign>
<var>${output}</var>
</assign>
<msg level="INFO" timestamp="20170420 22:33:24.637">${output} = 99000
99001
99002
99003
99004
99005
99006
99007
99008
99009
99010
99011
99012
99013
99014
99015
99016
99017
99018
99019
99020
99021
99022
99023
99024</msg>
<status endtime="20170420 22:33:24.638" starttime="20170420 22:33:24.634" status="PASS"></status>
</kw>
<kw library="BuiltIn" name="Should Be Equal">
<doc>Fails if the given objects are unequal.</doc>
<arguments>
<arg>${f02crs_expected}</arg>
<arg>${output}</arg>
</arguments>
<status endtime="20170420 22:33:24.649" starttime="20170420 22:33:24.640" status="PASS"></status>
</kw>
<status critical="yes" endtime="20170420 22:33:24.654" starttime="20170420 22:33:24.606" status="PASS"></status>
</test>
<status endtime="20170420 22:33:24.659" starttime="20170420 22:33:24.440" status="PASS"></status>
</suite>
<suite source="C:\Users\Joel Branham\Documents\SoftwareEngineering\GamegogySprint4\420\Gamegogy\client\src\test\acceptancetest\feature03.robot" name="Feature03" id="s1-s3">
<test name="Test Gamegogy Default Values" id="s1-s3-t1">
<kw library="SwingLibrary" name="Start Application">
<doc>Alias for `Launch Application` keyword</doc>
<arguments>
<arg>edu.jsu.mcis.gamegogy.Main</arg>
</arguments>
<status endtime="20170420 22:33:35.503" starttime="20170420 22:33:35.434" status="PASS"></status>
</kw>
<kw library="SwingLibrary" name="Select Window">
<doc>Selects a window as current context and sets focus to it.</doc>
<arguments>
<arg>Gamegogy</arg>
</arguments>
<status endtime="20170420 22:33:35.617" starttime="20170420 22:33:35.505" status="PASS"></status>
</kw>
<kw library="SwingLibrary" name="Get Selected Item From Combo Box">
<doc>Returns an item from a combobox.</doc>
<arguments>
<arg>courseComboBox</arg>
</arguments>
<assign>
<var>${courseId}</var>
</assign>
<msg level="INFO" timestamp="20170420 22:33:35.971">${courseId} = 99000</msg>
<status endtime="20170420 22:33:35.972" starttime="20170420 22:33:35.619" status="PASS"></status>
</kw>
<kw library="BuiltIn" name="Should Be Equal">
<doc>Fails if the given objects are unequal.</doc>
<arguments>
<arg>99000</arg>
<arg>${courseId}</arg>
</arguments>
<status endtime="20170420 22:33:35.977" starttime="20170420 22:33:35.973" status="PASS"></status>
</kw>
<kw library="SwingLibrary" name="Get Selected Item From Combo Box">
<doc>Returns an item from a combobox.</doc>
<arguments>
<arg>columnComboBox</arg>
</arguments>
<assign>
<var>${columnName}</var>
</assign>
<msg level="INFO" timestamp="20170420 22:33:36.253">${columnName} = Total</msg>
<status endtime="20170420 22:33:36.254" starttime="20170420 22:33:35.979" status="PASS"></status>
</kw>
<kw library="BuiltIn" name="Should Be Equal">
<doc>Fails if the given objects are unequal.</doc>
<arguments>
<arg>Total</arg>
<arg>${columnName}</arg>
</arguments>
<status endtime="20170420 22:33:36.258" starttime="20170420 22:33:36.256" status="PASS"></status>
</kw>
<kw library="SwingLibrary" name="Label Text Should Be">
<doc>Checks the equality of given text and the text displayed on a label.</doc>
<arguments>
<arg>courseTerm</arg>
<arg>Spring 2013</arg>
</arguments>
<status endtime="20170420 22:33:36.275" starttime="20170420 22:33:36.259" status="PASS"></status>
</kw>
<kw library="SwingLibrary" name="Label Text Should Be">
<doc>Checks the equality of given text and the text displayed on a label.</doc>
<arguments>
<arg>courseEnrollment</arg>
<arg>11</arg>
</arguments>
<status endtime="20170420 22:33:36.281" starttime="20170420 22:33:36.276" status="PASS"></status>
</kw>
<kw library="SwingLibrary" name="Label Text Should Be">
<doc>Checks the equality of given text and the text displayed on a label.</doc>
<arguments>
<arg>studentId</arg>
<arg>111318</arg>
</arguments>
<status endtime="20170420 22:33:36.290" starttime="20170420 22:33:36.283" status="PASS"></status>
</kw>
<kw library="SwingLibrary" name="Label Text Should Be">
<doc>Checks the equality of given text and the text displayed on a label.</doc>
<arguments>
<arg>studentName</arg>
<arg>Cathleen Guzman</arg>
</arguments>
<status endtime="20170420 22:33:36.299" starttime="20170420 22:33:36.291" status="PASS"></status>
</kw>
<kw library="SwingLibrary" name="Label Text Should Be">
<doc>Checks the equality of given text and the text displayed on a label.</doc>
<arguments>
<arg>studentEmail</arg>
<arg>cguzman@jsu.edu</arg>
</arguments>
<status endtime="20170420 22:33:36.306" starttime="20170420 22:33:36.300" status="PASS"></status>
</kw>
<kw library="SwingLibrary" name="Label Text Should Be">
<doc>Checks the equality of given text and the text displayed on a label.</doc>
<arguments>
<arg>studentScore</arg>
<arg>925.0</arg>
</arguments>
<status endtime="20170420 22:33:36.314" starttime="20170420 22:33:36.308" status="PASS"></status>
</kw>
<kw library="SwingLibrary" name="Close Window">
<doc>Closes a window.</doc>
<arguments>
<arg>Gamegogy</arg>
</arguments>
<status endtime="20170420 22:33:36.491" starttime="20170420 22:33:36.316" status="PASS"></status>
</kw>
<status critical="yes" endtime="20170420 22:33:36.492" starttime="20170420 22:33:35.428" status="PASS"></status>
</test>
<test name="Test Gamegogy Course Select" id="s1-s3-t2">
<kw library="SwingLibrary" name="Start Application">
<doc>Alias for `Launch Application` keyword</doc>
<arguments>
<arg>edu.jsu.mcis.gamegogy.Main</arg>
</arguments>
<status endtime="20170420 22:33:36.571" starttime="20170420 22:33:36.500" status="PASS"></status>
</kw>
<kw library="SwingLibrary" name="Select Window">
<doc>Selects a window as current context and sets focus to it.</doc>
<arguments>
<arg>Gamegogy</arg>
</arguments>
<status endtime="20170420 22:33:36.606" starttime="20170420 22:33:36.573" status="PASS"></status>
</kw>
<kw library="SwingLibrary" name="Select From Combo Box">
<doc>Selects an item from a combobox.</doc>
<arguments>
<arg>courseComboBox</arg>
<arg>7</arg>
</arguments>
<status endtime="20170420 22:33:36.951" starttime="20170420 22:33:36.608" status="PASS"></status>
</kw>
<kw library="SwingLibrary" name="Get Selected Item From Combo Box">
<doc>Returns an item from a combobox.</doc>
<arguments>
<arg>columnComboBox</arg>
</arguments>
<assign>
<var>${columnName}</var>
</assign>
<msg level="INFO" timestamp="20170420 22:33:37.186">${columnName} = Total</msg>
<status endtime="20170420 22:33:37.186" starttime="20170420 22:33:36.952" status="PASS"></status>
</kw>
<kw library="BuiltIn" name="Should Be Equal">
<doc>Fails if the given objects are unequal.</doc>
<arguments>
<arg>Total</arg>
<arg>${columnName}</arg>
</arguments>
<status endtime="20170420 22:33:37.192" starttime="20170420 22:33:37.188" status="PASS"></status>
</kw>
<kw library="SwingLibrary" name="Label Text Should Be">
<doc>Checks the equality of given text and the text displayed on a label.</doc>
<arguments>
<arg>courseTerm</arg>
<arg>Spring 2012</arg>
</arguments>
<status endtime="20170420 22:33:37.201" starttime="20170420 22:33:37.194" status="PASS"></status>
</kw>
<kw library="SwingLibrary" name="Label Text Should Be">
<doc>Checks the equality of given text and the text displayed on a label.</doc>
<arguments>
<arg>courseEnrollment</arg>
<arg>7</arg>
</arguments>
<status endtime="20170420 22:33:37.208" starttime="20170420 22:33:37.202" status="PASS"></status>
</kw>
<kw library="SwingLibrary" name="Label Text Should Be">
<doc>Checks the equality of given text and the text displayed on a label.</doc>
<arguments>
<arg>studentId</arg>
<arg>111382</arg>
</arguments>
<status endtime="20170420 22:33:37.217" starttime="20170420 22:33:37.210" status="PASS"></status>
</kw>
<kw library="SwingLibrary" name="Label Text Should Be">
<doc>Checks the equality of given text and the text displayed on a label.</doc>
<arguments>
<arg>studentName</arg>
<arg>Mauricio Harrington</arg>
</arguments>
<status endtime="20170420 22:33:37.225" starttime="20170420 22:33:37.219" status="PASS"></status>
</kw>
<kw library="SwingLibrary" name="Label Text Should Be">
<doc>Checks the equality of given text and the text displayed on a label.</doc>
<arguments>
<arg>studentEmail</arg>
<arg>mharrington@jsu.edu</arg>
</arguments>
<status endtime="20170420 22:33:37.232" starttime="20170420 22:33:37.226" status="PASS"></status>
</kw>
<kw library="SwingLibrary" name="Label Text Should Be">
<doc>Checks the equality of given text and the text displayed on a label.</doc>
<arguments>
<arg>studentScore</arg>
<arg>803.0</arg>
</arguments>
<status endtime="20170420 22:33:37.240" starttime="20170420 22:33:37.234" status="PASS"></status>
</kw>
<kw library="SwingLibrary" name="Close Window">
<doc>Closes a window.</doc>
<arguments>
<arg>Gamegogy</arg>
</arguments>
<status endtime="20170420 22:33:37.405" starttime="20170420 22:33:37.241" status="PASS"></status>
</kw>
<status critical="yes" endtime="20170420 22:33:37.408" starttime="20170420 22:33:36.497" status="PASS"></status>
</test>
<test name="Test Gamegogy Column Select" id="s1-s3-t3">
<kw library="SwingLibrary" name="Start Application">
<doc>Alias for `Launch Application` keyword</doc>
<arguments>
<arg>edu.jsu.mcis.gamegogy.Main</arg>
</arguments>
<status endtime="20170420 22:33:37.511" starttime="20170420 22:33:37.425" status="PASS"></status>
</kw>
<kw library="SwingLibrary" name="Select Window">
<doc>Selects a window as current context and sets focus to it.</doc>
<arguments>
<arg>Gamegogy</arg>
</arguments>
<status endtime="20170420 22:33:37.539" starttime="20170420 22:33:37.513" status="PASS"></status>
</kw>
<kw library="SwingLibrary" name="Select From Combo Box">
<doc>Selects an item from a combobox.</doc>
<arguments>
<arg>courseComboBox</arg>
<arg>9</arg>
</arguments>
<status endtime="20170420 22:33:37.860" starttime="20170420 22:33:37.540" status="PASS"></status>
</kw>
<kw library="SwingLibrary" name="Select From Combo Box">
<doc>Selects an item from a combobox.</doc>
<arguments>
<arg>columnComboBox</arg>
<arg>Assignment 7</arg>
</arguments>
<status endtime="20170420 22:33:38.490" starttime="20170420 22:33:37.863" status="PASS"></status>
</kw>
<kw library="SwingLibrary" name="Label Text Should Be">
<doc>Checks the equality of given text and the text displayed on a label.</doc>
<arguments>
<arg>courseTerm</arg>
<arg>Spring 2012</arg>
</arguments>
<status endtime="20170420 22:33:38.506" starttime="20170420 22:33:38.495" status="PASS"></status>
</kw>
<kw library="SwingLibrary" name="Label Text Should Be">
<doc>Checks the equality of given text and the text displayed on a label.</doc>
<arguments>
<arg>courseEnrollment</arg>
<arg>25</arg>
</arguments>
<status endtime="20170420 22:33:38.526" starttime="20170420 22:33:38.511" status="PASS"></status>
</kw>
<kw library="SwingLibrary" name="Label Text Should Be">
<doc>Checks the equality of given text and the text displayed on a label.</doc>
<arguments>
<arg>studentId</arg>
<arg>111122</arg>
</arguments>
<status endtime="20170420 22:33:38.541" starttime="20170420 22:33:38.530" status="PASS"></status>
</kw>
<kw library="SwingLibrary" name="Label Text Should Be">
<doc>Checks the equality of given text and the text displayed on a label.</doc>
<arguments>
<arg>studentName</arg>
<arg>Vance McClain</arg>
</arguments>
<status endtime="20170420 22:33:38.553" starttime="20170420 22:33:38.543" status="PASS"></status>
</kw>
<kw library="SwingLibrary" name="Label Text Should Be">
<doc>Checks the equality of given text and the text displayed on a label.</doc>
<arguments>
<arg>studentEmail</arg>
<arg>vmcclain@jsu.edu</arg>
</arguments>
<status endtime="20170420 22:33:38.561" starttime="20170420 22:33:38.555" status="PASS"></status>
</kw>
<kw library="SwingLibrary" name="Label Text Should Be">
<doc>Checks the equality of given text and the text displayed on a label.</doc>
<arguments>
<arg>studentScore</arg>
<arg>59.0</arg>
</arguments>
<status endtime="20170420 22:33:38.568" starttime="20170420 22:33:38.563" status="PASS"></status>
</kw>
<kw library="SwingLibrary" name="Close Window">
<doc>Closes a window.</doc>
<arguments>
<arg>Gamegogy</arg>
</arguments>
<status endtime="20170420 22:33:38.730" starttime="20170420 22:33:38.569" status="PASS"></status>
</kw>
<status critical="yes" endtime="20170420 22:33:38.731" starttime="20170420 22:33:37.416" status="PASS"></status>
</test>
<status endtime="20170420 22:33:38.739" starttime="20170420 22:33:24.669" status="PASS"></status>
</suite>
<suite source="C:\Users\Joel Branham\Documents\SoftwareEngineering\GamegogySprint4\420\Gamegogy\client\src\test\acceptancetest\feature04.robot" name="Feature04" id="s1-s4">
<test name="Test Click Leaderboard Lowest" id="s1-s4-t1">
<kw library="SwingLibrary" name="Start Application">
<doc>Alias for `Launch Application` keyword</doc>
<arguments>
<arg>edu.jsu.mcis.gamegogy.Main</arg>
</arguments>
<status endtime="20170420 22:33:38.862" starttime="20170420 22:33:38.800" status="PASS"></status>
</kw>
<kw library="SwingLibrary" name="Select Window">
<doc>Selects a window as current context and sets focus to it.</doc>
<arguments>
<arg>Gamegogy</arg>
</arguments>
<status endtime="20170420 22:33:38.895" starttime="20170420 22:33:38.864" status="PASS"></status>
</kw>
<kw library="keywords.LeaderboardKeywords" name="Click Leaderboard Bar At Index">
<arguments>
<arg>10</arg>
</arguments>
<status endtime="20170420 22:33:38.916" starttime="20170420 22:33:38.897" status="PASS"></status>
</kw>
<kw library="SwingLibrary" name="Label Text Should Be">
<doc>Checks the equality of given text and the text displayed on a label.</doc>
<arguments>
<arg>studentId</arg>
<arg>111141</arg>
</arguments>
<status endtime="20170420 22:33:38.939" starttime="20170420 22:33:38.918" status="PASS"></status>
</kw>
<kw library="SwingLibrary" name="Label Text Should Be">
<doc>Checks the equality of given text and the text displayed on a label.</doc>
<arguments>
<arg>studentName</arg>
<arg>Forest Rasmussen</arg>
</arguments>
<status endtime="20170420 22:33:38.950" starttime="20170420 22:33:38.942" status="PASS"></status>
</kw>
<kw library="SwingLibrary" name="Label Text Should Be">
<doc>Checks the equality of given text and the text displayed on a label.</doc>
<arguments>
<arg>studentEmail</arg>
<arg>frasmussen@jsu.edu</arg>
</arguments>
<status endtime="20170420 22:33:38.959" starttime="20170420 22:33:38.951" status="PASS"></status>
</kw>
<kw library="SwingLibrary" name="Label Text Should Be">
<doc>Checks the equality of given text and the text displayed on a label.</doc>
<arguments>
<arg>studentScore</arg>
<arg>381.0</arg>
</arguments>
<status endtime="20170420 22:33:38.966" starttime="20170420 22:33:38.960" status="PASS"></status>
</kw>
<kw library="SwingLibrary" name="Close Window">
<doc>Closes a window.</doc>
<arguments>
<arg>Gamegogy</arg>
</arguments>
<status endtime="20170420 22:33:39.127" starttime="20170420 22:33:38.967" status="PASS"></status>
</kw>
<status critical="yes" endtime="20170420 22:33:39.129" starttime="20170420 22:33:38.797" status="PASS"></status>
</test>
<test name="Test Click Leaderboard Highest" id="s1-s4-t2">
<kw library="SwingLibrary" name="Start Application">
<doc>Alias for `Launch Application` keyword</doc>
<arguments>
<arg>edu.jsu.mcis.gamegogy.Main</arg>
</arguments>
<status endtime="20170420 22:33:39.192" starttime="20170420 22:33:39.136" status="PASS"></status>
</kw>
<kw library="SwingLibrary" name="Select Window">
<doc>Selects a window as current context and sets focus to it.</doc>
<arguments>
<arg>Gamegogy</arg>
</arguments>
<status endtime="20170420 22:33:39.214" starttime="20170420 22:33:39.193" status="PASS"></status>
</kw>
<kw library="keywords.LeaderboardKeywords" name="Click Leaderboard Bar At Index">
<arguments>
<arg>0</arg>
</arguments>
<status endtime="20170420 22:33:39.227" starttime="20170420 22:33:39.216" status="PASS"></status>
</kw>
<kw library="SwingLibrary" name="Label Text Should Be">
<doc>Checks the equality of given text and the text displayed on a label.</doc>
<arguments>
<arg>studentId</arg>
<arg>111318</arg>
</arguments>
<status endtime="20170420 22:33:39.234" starttime="20170420 22:33:39.229" status="PASS"></status>
</kw>
<kw library="SwingLibrary" name="Label Text Should Be">
<doc>Checks the equality of given text and the text displayed on a label.</doc>
<arguments>
<arg>studentName</arg>
<arg>Cathleen Guzman</arg>
</arguments>
<status endtime="20170420 22:33:39.244" starttime="20170420 22:33:39.236" status="PASS"></status>
</kw>
<kw library="SwingLibrary" name="Label Text Should Be">
<doc>Checks the equality of given text and the text displayed on a label.</doc>
<arguments>
<arg>studentEmail</arg>
<arg>cguzman@jsu.edu</arg>
</arguments>
<status endtime="20170420 22:33:39.251" starttime="20170420 22:33:39.245" status="PASS"></status>
</kw>
<kw library="SwingLibrary" name="Label Text Should Be">
<doc>Checks the equality of given text and the text displayed on a label.</doc>
<arguments>
<arg>studentScore</arg>
<arg>925.0</arg>
</arguments>
<status endtime="20170420 22:33:39.260" starttime="20170420 22:33:39.254" status="PASS"></status>
</kw>
<kw library="SwingLibrary" name="Close Window">
<doc>Closes a window.</doc>
<arguments>
<arg>Gamegogy</arg>
</arguments>
<status endtime="20170420 22:33:39.420" starttime="20170420 22:33:39.261" status="PASS"></status>
</kw>
<status critical="yes" endtime="20170420 22:33:39.421" starttime="20170420 22:33:39.133" status="PASS"></status>
</test>
<test name="Test Click Leaderboard Middle" id="s1-s4-t3">
<kw library="SwingLibrary" name="Start Application">
<doc>Alias for `Launch Application` keyword</doc>
<arguments>
<arg>edu.jsu.mcis.gamegogy.Main</arg>
</arguments>
<status endtime="20170420 22:33:39.485" starttime="20170420 22:33:39.428" status="PASS"></status>
</kw>
<kw library="SwingLibrary" name="Select Window">
<doc>Selects a window as current context and sets focus to it.</doc>
<arguments>
<arg>Gamegogy</arg>
</arguments>
<status endtime="20170420 22:33:39.557" starttime="20170420 22:33:39.486" status="PASS"></status>
</kw>
<kw library="keywords.LeaderboardKeywords" name="Click Leaderboard Bar At Index">
<arguments>
<arg>6</arg>
</arguments>
<status endtime="20170420 22:33:39.572" starttime="20170420 22:33:39.560" status="PASS"></status>
</kw>
<kw library="SwingLibrary" name="Label Text Should Be">
<doc>Checks the equality of given text and the text displayed on a label.</doc>
<arguments>
<arg>studentId</arg>
<arg>111335</arg>
</arguments>
<status endtime="20170420 22:33:39.577" starttime="20170420 22:33:39.573" status="PASS"></status>
</kw>
<kw library="SwingLibrary" name="Label Text Should Be">
<doc>Checks the equality of given text and the text displayed on a label.</doc>
<arguments>
<arg>studentName</arg>
<arg>Ira Richardson</arg>
</arguments>
<status endtime="20170420 22:33:39.582" starttime="20170420 22:33:39.578" status="PASS"></status>
</kw>
<kw library="SwingLibrary" name="Label Text Should Be">
<doc>Checks the equality of given text and the text displayed on a label.</doc>
<arguments>
<arg>studentEmail</arg>
<arg>irichardson@jsu.edu</arg>
</arguments>
<status endtime="20170420 22:33:39.589" starttime="20170420 22:33:39.583" status="PASS"></status>
</kw>
<kw library="SwingLibrary" name="Label Text Should Be">
<doc>Checks the equality of given text and the text displayed on a label.</doc>
<arguments>
<arg>studentScore</arg>
<arg>558.0</arg>
</arguments>
<status endtime="20170420 22:33:39.596" starttime="20170420 22:33:39.591" status="PASS"></status>
</kw>
<kw library="SwingLibrary" name="Close Window">
<doc>Closes a window.</doc>
<arguments>
<arg>Gamegogy</arg>
</arguments>
<status endtime="20170420 22:33:39.755" starttime="20170420 22:33:39.597" status="PASS"></status>
</kw>
<status critical="yes" endtime="20170420 22:33:39.756" starttime="20170420 22:33:39.424" status="PASS"></status>
</test>
<status endtime="20170420 22:33:39.760" starttime="20170420 22:33:38.760" status="PASS"></status>
</suite>
<suite source="C:\Users\Joel Branham\Documents\SoftwareEngineering\GamegogySprint4\420\Gamegogy\client\src\test\acceptancetest\feature05.robot" name="Feature05" id="s1-s5">
<test name="Test Gamegogy Default Values" id="s1-s5-t1">
<kw library="SwingLibrary" name="Start Application">
<doc>Alias for `Launch Application` keyword</doc>
<arguments>
<arg>edu.jsu.mcis.gamegogy.Main</arg>
<arg>${service_url_with_slash}</arg>
</arguments>
<status endtime="20170420 22:33:41.526" starttime="20170420 22:33:39.795" status="PASS"></status>
</kw>
<kw library="SwingLibrary" name="Select Window">
<doc>Selects a window as current context and sets focus to it.</doc>
<arguments>
<arg>Gamegogy</arg>
</arguments>
<status endtime="20170420 22:33:41.560" starttime="20170420 22:33:41.532" status="PASS"></status>
</kw>
<kw library="SwingLibrary" name="Get Selected Item From Combo Box">
<doc>Returns an item from a combobox.</doc>
<arguments>
<arg>courseComboBox</arg>
</arguments>
<assign>
<var>${courseId}</var>
</assign>
<msg level="INFO" timestamp="20170420 22:33:41.807">${courseId} = 99000</msg>
<status endtime="20170420 22:33:41.809" starttime="20170420 22:33:41.562" status="PASS"></status>
</kw>
<kw library="BuiltIn" name="Should Be Equal">
<doc>Fails if the given objects are unequal.</doc>
<arguments>
<arg>99000</arg>
<arg>${courseId}</arg>
</arguments>
<status endtime="20170420 22:33:41.818" starttime="20170420 22:33:41.811" status="PASS"></status>
</kw>
<kw library="SwingLibrary" name="Get Selected Item From Combo Box">
<doc>Returns an item from a combobox.</doc>
<arguments>
<arg>columnComboBox</arg>
</arguments>
<assign>
<var>${columnName}</var>
</assign>
<msg level="INFO" timestamp="20170420 22:33:42.106">${columnName} = Total</msg>
<status endtime="20170420 22:33:42.106" starttime="20170420 22:33:41.821" status="PASS"></status>
</kw>
<kw library="BuiltIn" name="Should Be Equal">
<doc>Fails if the given objects are unequal.</doc>
<arguments>
<arg>Total</arg>
<arg>${columnName}</arg>
</arguments>
<status endtime="20170420 22:33:42.111" starttime="20170420 22:33:42.108" status="PASS"></status>
</kw>
<kw library="SwingLibrary" name="Label Text Should Be">
<doc>Checks the equality of given text and the text displayed on a label.</doc>
<arguments>
<arg>courseTerm</arg>
<arg>Spring 2013</arg>
</arguments>
<status endtime="20170420 22:33:42.117" starttime="20170420 22:33:42.112" status="PASS"></status>
</kw>
<kw library="SwingLibrary" name="Label Text Should Be">
<doc>Checks the equality of given text and the text displayed on a label.</doc>
<arguments>
<arg>courseEnrollment</arg>
<arg>11</arg>
</arguments>
<status endtime="20170420 22:33:42.124" starttime="20170420 22:33:42.119" status="PASS"></status>
</kw>
<kw library="SwingLibrary" name="Label Text Should Be">
<doc>Checks the equality of given text and the text displayed on a label.</doc>
<arguments>
<arg>studentId</arg>
<arg>111318</arg>
</arguments>
<status endtime="20170420 22:33:42.131" starttime="20170420 22:33:42.125" status="PASS"></status>
</kw>
<kw library="SwingLibrary" name="Label Text Should Be">
<doc>Checks the equality of given text and the text displayed on a label.</doc>
<arguments>
<arg>studentName</arg>
<arg>Cathleen Guzman</arg>
</arguments>
<status endtime="20170420 22:33:42.139" starttime="20170420 22:33:42.133" status="PASS"></status>
</kw>
<kw library="SwingLibrary" name="Label Text Should Be">
<doc>Checks the equality of given text and the text displayed on a label.</doc>
<arguments>
<arg>studentEmail</arg>
<arg>cguzman@jsu.edu</arg>
</arguments>
<status endtime="20170420 22:33:42.146" starttime="20170420 22:33:42.140" status="PASS"></status>
</kw>
<kw library="SwingLibrary" name="Label Text Should Be">
<doc>Checks the equality of given text and the text displayed on a label.</doc>
<arguments>
<arg>studentScore</arg>
<arg>925.0</arg>
</arguments>
<status endtime="20170420 22:33:42.153" starttime="20170420 22:33:42.147" status="PASS"></status>
</kw>
<kw library="SwingLibrary" name="Close Window">
<doc>Closes a window.</doc>
<arguments>
<arg>Gamegogy</arg>
</arguments>
<status endtime="20170420 22:33:42.321" starttime="20170420 22:33:42.154" status="PASS"></status>
</kw>
<status critical="yes" endtime="20170420 22:33:42.324" starttime="20170420 22:33:39.792" status="PASS"></status>
</test>
<test name="Test Gamegogy Course Select" id="s1-s5-t2">
<kw library="SwingLibrary" name="Start Application">
<doc>Alias for `Launch Application` keyword</doc>
<arguments>
<arg>edu.jsu.mcis.gamegogy.Main</arg>
<arg>${service_url_no_slash}</arg>
</arguments>
<status endtime="20170420 22:33:44.048" starttime="20170420 22:33:42.341" status="PASS"></status>
</kw>
<kw library="SwingLibrary" name="Select Window">
<doc>Selects a window as current context and sets focus to it.</doc>
<arguments>
<arg>Gamegogy</arg>
</arguments>
<status endtime="20170420 22:33:44.071" starttime="20170420 22:33:44.050" status="PASS"></status>
</kw>
<kw library="SwingLibrary" name="Select From Combo Box">
<doc>Selects an item from a combobox.</doc>
<arguments>
<arg>courseComboBox</arg>
<arg>7</arg>
</arguments>
<status endtime="20170420 22:33:44.368" starttime="20170420 22:33:44.072" status="PASS"></status>
</kw>
<kw library="SwingLibrary" name="Get Selected Item From Combo Box">
<doc>Returns an item from a combobox.</doc>
<arguments>
<arg>columnComboBox</arg>
</arguments>
<assign>
<var>${columnName}</var>
</assign>
<msg level="INFO" timestamp="20170420 22:33:44.618">${columnName} = Total</msg>
<status endtime="20170420 22:33:44.619" starttime="20170420 22:33:44.369" status="PASS"></status>
</kw>
<kw library="BuiltIn" name="Should Be Equal">
<doc>Fails if the given objects are unequal.</doc>
<arguments>
<arg>Total</arg>
<arg>${columnName}</arg>
</arguments>
<status endtime="20170420 22:33:44.627" starttime="20170420 22:33:44.621" status="PASS"></status>
</kw>
<kw library="SwingLibrary" name="Label Text Should Be">
<doc>Checks the equality of given text and the text displayed on a label.</doc>
<arguments>
<arg>courseTerm</arg>
<arg>Spring 2012</arg>
</arguments>
<status endtime="20170420 22:33:44.640" starttime="20170420 22:33:44.629" status="PASS"></status>
</kw>
<kw library="SwingLibrary" name="Label Text Should Be">
<doc>Checks the equality of given text and the text displayed on a label.</doc>
<arguments>
<arg>courseEnrollment</arg>
<arg>7</arg>
</arguments>
<status endtime="20170420 22:33:44.656" starttime="20170420 22:33:44.644" status="PASS"></status>
</kw>
<kw library="SwingLibrary" name="Label Text Should Be">
<doc>Checks the equality of given text and the text displayed on a label.</doc>
<arguments>
<arg>studentId</arg>
<arg>111382</arg>
</arguments>
<status endtime="20170420 22:33:44.666" starttime="20170420 22:33:44.658" status="PASS"></status>
</kw>
<kw library="SwingLibrary" name="Label Text Should Be">
<doc>Checks the equality of given text and the text displayed on a label.</doc>
<arguments>
<arg>studentName</arg>
<arg>Mauricio Harrington</arg>
</arguments>
<status endtime="20170420 22:33:44.674" starttime="20170420 22:33:44.667" status="PASS"></status>
</kw>
<kw library="SwingLibrary" name="Label Text Should Be">
<doc>Checks the equality of given text and the text displayed on a label.</doc>
<arguments>
<arg>studentEmail</arg>
<arg>mharrington@jsu.edu</arg>
</arguments>
<status endtime="20170420 22:33:44.684" starttime="20170420 22:33:44.675" status="PASS"></status>
</kw>
<kw library="SwingLibrary" name="Label Text Should Be">
<doc>Checks the equality of given text and the text displayed on a label.</doc>
<arguments>
<arg>studentScore</arg>
<arg>803.0</arg>
</arguments>
<status endtime="20170420 22:33:44.693" starttime="20170420 22:33:44.686" status="PASS"></status>
</kw>
<kw library="SwingLibrary" name="Close Window">
<doc>Closes a window.</doc>
<arguments>
<arg>Gamegogy</arg>
</arguments>
<status endtime="20170420 22:33:44.857" starttime="20170420 22:33:44.694" status="PASS"></status>
</kw>
<status critical="yes" endtime="20170420 22:33:44.861" starttime="20170420 22:33:42.333" status="PASS"></status>
</test>
<test name="Test Gamegogy Column Select" id="s1-s5-t3">
<kw library="SwingLibrary" name="Start Application">
<doc>Alias for `Launch Application` keyword</doc>
<arguments>
<arg>edu.jsu.mcis.gamegogy.Main</arg>
<arg>${service_url_with_slash}</arg>
</arguments>
<status endtime="20170420 22:33:46.461" starttime="20170420 22:33:44.877" status="PASS"></status>
</kw>
<kw library="SwingLibrary" name="Select Window">
<doc>Selects a window as current context and sets focus to it.</doc>
<arguments>
<arg>Gamegogy</arg>
</arguments>
<status endtime="20170420 22:33:46.499" starttime="20170420 22:33:46.465" status="PASS"></status>
</kw>
<kw library="SwingLibrary" name="Select From Combo Box">
<doc>Selects an item from a combobox.</doc>
<arguments>
<arg>courseComboBox</arg>
<arg>9</arg>
</arguments>
<status endtime="20170420 22:33:46.826" starttime="20170420 22:33:46.501" status="PASS"></status>
</kw>
<kw library="SwingLibrary" name="Select From Combo Box">
<doc>Selects an item from a combobox.</doc>
<arguments>
<arg>columnComboBox</arg>
<arg>Assignment 7</arg>
</arguments>
<status endtime="20170420 22:33:47.431" starttime="20170420 22:33:46.828" status="PASS"></status>
</kw>
<kw library="SwingLibrary" name="Label Text Should Be">
<doc>Checks the equality of given text and the text displayed on a label.</doc>
<arguments>
<arg>courseTerm</arg>
<arg>Spring 2012</arg>
</arguments>
<status endtime="20170420 22:33:47.441" starttime="20170420 22:33:47.433" status="PASS"></status>
</kw>
<kw library="SwingLibrary" name="Label Text Should Be">
<doc>Checks the equality of given text and the text displayed on a label.</doc>
<arguments>
<arg>courseEnrollment</arg>
<arg>25</arg>
</arguments>
<status endtime="20170420 22:33:47.451" starttime="20170420 22:33:47.443" status="PASS"></status>
</kw>
<kw library="SwingLibrary" name="Label Text Should Be">
<doc>Checks the equality of given text and the text displayed on a label.</doc>
<arguments>
<arg>studentId</arg>
<arg>111122</arg>
</arguments>
<status endtime="20170420 22:33:47.464" starttime="20170420 22:33:47.452" status="PASS"></status>
</kw>
<kw library="SwingLibrary" name="Label Text Should Be">
<doc>Checks the equality of given text and the text displayed on a label.</doc>
<arguments>
<arg>studentName</arg>
<arg>Vance McClain</arg>
</arguments>
<status endtime="20170420 22:33:47.477" starttime="20170420 22:33:47.467" status="PASS"></status>
</kw>
<kw library="SwingLibrary" name="Label Text Should Be">
<doc>Checks the equality of given text and the text displayed on a label.</doc>
<arguments>
<arg>studentEmail</arg>
<arg>vmcclain@jsu.edu</arg>
</arguments>
<status endtime="20170420 22:33:47.488" starttime="20170420 22:33:47.479" status="PASS"></status>
</kw>
<kw library="SwingLibrary" name="Label Text Should Be">
<doc>Checks the equality of given text and the text displayed on a label.</doc>
<arguments>
<arg>studentScore</arg>
<arg>59.0</arg>
</arguments>
<status endtime="20170420 22:33:47.495" starttime="20170420 22:33:47.489" status="PASS"></status>
</kw>
<kw library="SwingLibrary" name="Close Window">
<doc>Closes a window.</doc>
<arguments>
<arg>Gamegogy</arg>
</arguments>
<status endtime="20170420 22:33:47.666" starttime="20170420 22:33:47.497" status="PASS"></status>
</kw>
<status critical="yes" endtime="20170420 22:33:47.668" starttime="20170420 22:33:44.869" status="PASS"></status>
</test>
<status endtime="20170420 22:33:47.683" starttime="20170420 22:33:39.771" status="PASS"></status>
</suite>
<suite source="C:\Users\Joel Branham\Documents\SoftwareEngineering\GamegogySprint4\420\Gamegogy\client\src\test\acceptancetest\feature06.robot" name="Feature06" id="s1-s6">
<test name="Test Default File Source" id="s1-s6-t1">
<kw library="SwingLibrary" name="Start Application">
<doc>Alias for `Launch Application` keyword</doc>
<arguments>
<arg>edu.jsu.mcis.gamegogy.Main</arg>
</arguments>
<status endtime="20170420 22:33:47.907" starttime="20170420 22:33:47.855" status="PASS"></status>
</kw>
<kw library="SwingLibrary" name="Select Window">
<doc>Selects a window as current context and sets focus to it.</doc>
<arguments>
<arg>Gamegogy</arg>
</arguments>
<status endtime="20170420 22:33:47.953" starttime="20170420 22:33:47.909" status="PASS"></status>
</kw>
<kw name="Menu Item Should Be Selected">
<arguments>
<arg>Source|Resource File</arg>
</arguments>
<kw name="Is Menu Item Selected">
<arguments>
<arg>${menuText}</arg>
</arguments>
<assign>
<var>${selected}</var>
</assign>
<kw library="String" name="Split String">
<doc>Splits the ``string`` using ``separator`` as a delimiter string.</doc>
<arguments>
<arg>${menuText}</arg>
<arg>\|</arg>
</arguments>
<assign>
<var>@{menus}</var>
</assign>
<msg level="INFO" timestamp="20170420 22:33:47.971">@{menus} = [ Source | Resource File ]</msg>
<status endtime="20170420 22:33:47.971" starttime="20170420 22:33:47.966" status="PASS"></status>
</kw>
<kw library="Collections" name="Remove From List">
<doc>Removes and returns the value specified with an ``index`` from ``list``.</doc>
<arguments>
<arg>${menus}</arg>
<arg>-1</arg>
</arguments>
<assign>
<var>${lastItem}</var>
</assign>
<msg level="INFO" timestamp="20170420 22:33:47.978">${lastItem} = Resource File</msg>
<status endtime="20170420 22:33:47.979" starttime="20170420 22:33:47.973" status="PASS"></status>
</kw>
<kw type="for" name="${menu} IN [ @{menus} ]">
<kw type="foritem" name="${menu} = Source">
<kw library="SwingLibrary" name="Select From Menu">
<doc>Selects an item from the menu of the currently selected window.</doc>
<arguments>
<arg>${menu}</arg>
</arguments>
<status endtime="20170420 22:33:48.476" starttime="20170420 22:33:47.983" status="PASS"></status>
</kw>
<status endtime="20170420 22:33:48.478" starttime="20170420 22:33:47.982" status="PASS"></status>
</kw>
<status endtime="20170420 22:33:48.479" starttime="20170420 22:33:47.980" status="PASS"></status>
</kw>
<kw library="keywords.MenuItemKeywords" name="Radio Button Menu Item Is Selected">
<arguments>
<arg>${lastItem}</arg>
</arguments>
<assign>
<var>${selected}</var>
</assign>
<msg level="INFO" timestamp="20170420 22:33:48.490">${selected} = True</msg>
<status endtime="20170420 22:33:48.491" starttime="20170420 22:33:48.481" status="PASS"></status>
</kw>
<msg level="INFO" timestamp="20170420 22:33:48.493">${selected} = True</msg>
<status endtime="20170420 22:33:48.494" starttime="20170420 22:33:47.959" status="PASS"></status>
</kw>
<kw library="BuiltIn" name="Should Be True">
<doc>Fails if the given condition is not true.</doc>
<arguments>
<arg>${selected}</arg>
</arguments>
<status endtime="20170420 22:33:48.499" starttime="20170420 22:33:48.496" status="PASS"></status>
</kw>
<status endtime="20170420 22:33:48.500" starttime="20170420 22:33:47.955" status="PASS"></status>
</kw>
<kw name="Menu Item Should Not Be Selected">
<arguments>
<arg>Web Service</arg>
</arguments>
<kw name="Is Menu Item Selected">
<arguments>
<arg>${menuText}</arg>
</arguments>
<assign>
<var>${selected}</var>
</assign>
<kw library="String" name="Split String">
<doc>Splits the ``string`` using ``separator`` as a delimiter string.</doc>
<arguments>
<arg>${menuText}</arg>
<arg>\|</arg>
</arguments>
<assign>
<var>@{menus}</var>
</assign>
<msg level="INFO" timestamp="20170420 22:33:48.508">@{menus} = [ Web Service ]</msg>
<status endtime="20170420 22:33:48.509" starttime="20170420 22:33:48.506" status="PASS"></status>
</kw>
<kw library="Collections" name="Remove From List">
<doc>Removes and returns the value specified with an ``index`` from ``list``.</doc>
<arguments>
<arg>${menus}</arg>
<arg>-1</arg>
</arguments>
<assign>
<var>${lastItem}</var>
</assign>
<msg level="INFO" timestamp="20170420 22:33:48.511">${lastItem} = Web Service</msg>
<status endtime="20170420 22:33:48.512" starttime="20170420 22:33:48.509" status="PASS"></status>
</kw>
<kw type="for" name="${menu} IN [ @{menus} ]">
<status endtime="20170420 22:33:48.513" starttime="20170420 22:33:48.512" status="PASS"></status>
</kw>
<kw library="keywords.MenuItemKeywords" name="Radio Button Menu Item Is Selected">
<arguments>
<arg>${lastItem}</arg>
</arguments>
<assign>
<var>${selected}</var>
</assign>
<msg level="INFO" timestamp="20170420 22:33:48.518">${selected} = False</msg>
<status endtime="20170420 22:33:48.518" starttime="20170420 22:33:48.514" status="PASS"></status>
</kw>
<msg level="INFO" timestamp="20170420 22:33:48.520">${selected} = False</msg>
<status endtime="20170420 22:33:48.520" starttime="20170420 22:33:48.503" status="PASS"></status>
</kw>
<kw library="BuiltIn" name="Should Not Be True">
<doc>Fails if the given condition is true.</doc>
<arguments>
<arg>${selected}</arg>
</arguments>
<status endtime="20170420 22:33:48.524" starttime="20170420 22:33:48.521" status="PASS"></status>
</kw>
<status endtime="20170420 22:33:48.525" starttime="20170420 22:33:48.502" status="PASS"></status>
</kw>
<kw library="SwingLibrary" name="Close Window">
<doc>Closes a window.</doc>
<arguments>
<arg>Gamegogy</arg>
</arguments>
<status endtime="20170420 22:33:48.693" starttime="20170420 22:33:48.526" status="PASS"></status>
</kw>
<status critical="yes" endtime="20170420 22:33:48.695" starttime="20170420 22:33:47.851" status="PASS"></status>
</test>
<test name="Test Web Service Source" id="s1-s6-t2">
<kw library="SwingLibrary" name="Start Application">
<doc>Alias for `Launch Application` keyword</doc>
<arguments>
<arg>edu.jsu.mcis.gamegogy.Main</arg>
<arg>http://inspired.jsu.edu:7272/gamegogy</arg>
</arguments>
<status endtime="20170420 22:33:50.639" starttime="20170420 22:33:48.710" status="PASS"></status>
</kw>
<kw library="SwingLibrary" name="Select Window">
<doc>Selects a window as current context and sets focus to it.</doc>
<arguments>
<arg>Gamegogy</arg>
</arguments>
<status endtime="20170420 22:33:50.681" starttime="20170420 22:33:50.644" status="PASS"></status>
</kw>
<kw library="SwingLibrary" name="Get Selected Item From Combo Box">
<doc>Returns an item from a combobox.</doc>
<arguments>
<arg>courseComboBox</arg>
</arguments>
<assign>
<var>${courseId}</var>
</assign>
<msg level="INFO" timestamp="20170420 22:33:50.939">${courseId} = 99000</msg>
<status endtime="20170420 22:33:50.941" starttime="20170420 22:33:50.684" status="PASS"></status>
</kw>
<kw library="BuiltIn" name="Should Be Equal">
<doc>Fails if the given objects are unequal.</doc>
<arguments>
<arg>99000</arg>
<arg>${courseId}</arg>
</arguments>
<status endtime="20170420 22:33:50.951" starttime="20170420 22:33:50.944" status="PASS"></status>
</kw>
<kw library="SwingLibrary" name="Get Selected Item From Combo Box">
<doc>Returns an item from a combobox.</doc>
<arguments>
<arg>columnComboBox</arg>
</arguments>
<assign>
<var>${columnName}</var>
</assign>
<msg level="INFO" timestamp="20170420 22:33:51.214">${columnName} = Total</msg>
<status endtime="20170420 22:33:51.215" starttime="20170420 22:33:50.954" status="PASS"></status>
</kw>
<kw library="BuiltIn" name="Should Be Equal">
<doc>Fails if the given objects are unequal.</doc>
<arguments>
<arg>Total</arg>
<arg>${columnName}</arg>
</arguments>
<status endtime="20170420 22:33:51.224" starttime="20170420 22:33:51.218" status="PASS"></status>
</kw>
<kw library="SwingLibrary" name="Select From Combo Box">
<doc>Selects an item from a combobox.</doc>
<arguments>
<arg>courseComboBox</arg>
<arg>9</arg>
</arguments>
<status endtime="20170420 22:33:51.574" starttime="20170420 22:33:51.227" status="PASS"></status>
</kw>
<kw library="SwingLibrary" name="Select From Combo Box">
<doc>Selects an item from a combobox.</doc>
<arguments>
<arg>columnComboBox</arg>
<arg>Assignment 7</arg>
</arguments>
<status endtime="20170420 22:33:52.175" starttime="20170420 22:33:51.576" status="PASS"></status>
</kw>
<kw library="SwingLibrary" name="Label Text Should Be">
<doc>Checks the equality of given text and the text displayed on a label.</doc>
<arguments>
<arg>courseTerm</arg>
<arg>Spring 2012</arg>
</arguments>
<status endtime="20170420 22:33:52.190" starttime="20170420 22:33:52.179" status="PASS"></status>
</kw>
<kw library="SwingLibrary" name="Label Text Should Be">
<doc>Checks the equality of given text and the text displayed on a label.</doc>
<arguments>
<arg>courseEnrollment</arg>
<arg>25</arg>
</arguments>
<status endtime="20170420 22:33:52.201" starttime="20170420 22:33:52.192" status="PASS"></status>
</kw>
<kw library="SwingLibrary" name="Label Text Should Be">
<doc>Checks the equality of given text and the text displayed on a label.</doc>
<arguments>
<arg>studentId</arg>
<arg>111122</arg>
</arguments>
<status endtime="20170420 22:33:52.211" starttime="20170420 22:33:52.203" status="PASS"></status>
</kw>
<kw library="SwingLibrary" name="Label Text Should Be">
<doc>Checks the equality of given text and the text displayed on a label.</doc>
<arguments>
<arg>studentName</arg>
<arg>Vance McClain</arg>
</arguments>
<status endtime="20170420 22:33:52.220" starttime="20170420 22:33:52.212" status="PASS"></status>
</kw>
<kw library="SwingLibrary" name="Label Text Should Be">
<doc>Checks the equality of given text and the text displayed on a label.</doc>
<arguments>
<arg>studentEmail</arg>
<arg>vmcclain@jsu.edu</arg>
</arguments>
<status endtime="20170420 22:33:52.226" starttime="20170420 22:33:52.221" status="PASS"></status>
</kw>
<kw library="SwingLibrary" name="Label Text Should Be">
<doc>Checks the equality of given text and the text displayed on a label.</doc>
<arguments>
<arg>studentScore</arg>
<arg>59.0</arg>
</arguments>
<status endtime="20170420 22:33:52.234" starttime="20170420 22:33:52.228" status="PASS"></status>
</kw>
<kw library="SwingLibrary" name="Select From Menu">
<doc>Selects an item from the menu of the currently selected window.</doc>
<arguments>
<arg>Source|Web Service</arg>
</arguments>
<status endtime="20170420 22:33:52.752" starttime="20170420 22:33:52.235" status="PASS"></status>
</kw>
<kw name="Menu Item Should Not Be Selected">
<arguments>
<arg>Source|Resource File</arg>
</arguments>
<kw name="Is Menu Item Selected">
<arguments>
<arg>${menuText}</arg>
</arguments>
<assign>
<var>${selected}</var>
</assign>
<kw library="String" name="Split String">
<doc>Splits the ``string`` using ``separator`` as a delimiter string.</doc>
<arguments>
<arg>${menuText}</arg>
<arg>\|</arg>
</arguments>
<assign>
<var>@{menus}</var>
</assign>
<msg level="INFO" timestamp="20170420 22:33:52.779">@{menus} = [ Source | Resource File ]</msg>
<status endtime="20170420 22:33:52.782" starttime="20170420 22:33:52.772" status="PASS"></status>
</kw>
<kw library="Collections" name="Remove From List">
<doc>Removes and returns the value specified with an ``index`` from ``list``.</doc>
<arguments>
<arg>${menus}</arg>
<arg>-1</arg>
</arguments>
<assign>
<var>${lastItem}</var>
</assign>
<msg level="INFO" timestamp="20170420 22:33:52.790">${lastItem} = Resource File</msg>
<status endtime="20170420 22:33:52.791" starttime="20170420 22:33:52.784" status="PASS"></status>
</kw>
<kw type="for" name="${menu} IN [ @{menus} ]">
<kw type="foritem" name="${menu} = Source">
<kw library="SwingLibrary" name="Select From Menu">
<doc>Selects an item from the menu of the currently selected window.</doc>
<arguments>
<arg>${menu}</arg>
</arguments>
<status endtime="20170420 22:33:54.668" starttime="20170420 22:33:52.797" status="PASS"></status>
</kw>
<status endtime="20170420 22:33:54.670" starttime="20170420 22:33:52.795" status="PASS"></status>
</kw>
<status endtime="20170420 22:33:54.672" starttime="20170420 22:33:52.793" status="PASS"></status>
</kw>
<kw library="keywords.MenuItemKeywords" name="Radio Button Menu Item Is Selected">
<arguments>
<arg>${lastItem}</arg>
</arguments>
<assign>
<var>${selected}</var>
</assign>
<msg level="INFO" timestamp="20170420 22:33:54.684">${selected} = False</msg>
<status endtime="20170420 22:33:54.685" starttime="20170420 22:33:54.676" status="PASS"></status>
</kw>
<msg level="INFO" timestamp="20170420 22:33:54.689">${selected} = False</msg>
<status endtime="20170420 22:33:54.691" starttime="20170420 22:33:52.763" status="PASS"></status>
</kw>
<kw library="BuiltIn" name="Should Not Be True">
<doc>Fails if the given condition is true.</doc>
<arguments>
<arg>${selected}</arg>
</arguments>
<status endtime="20170420 22:33:54.698" starttime="20170420 22:33:54.693" status="PASS"></status>
</kw>
<status endtime="20170420 22:33:54.700" starttime="20170420 22:33:52.754" status="PASS"></status>
</kw>
<kw name="Menu Item Should Be Selected">
<arguments>
<arg>Web Service</arg>
</arguments>
<kw name="Is Menu Item Selected">
<arguments>
<arg>${menuText}</arg>
</arguments>
<assign>
<var>${selected}</var>
</assign>
<kw library="String" name="Split String">
<doc>Splits the ``string`` using ``separator`` as a delimiter string.</doc>
<arguments>
<arg>${menuText}</arg>
<arg>\|</arg>
</arguments>
<assign>
<var>@{menus}</var>
</assign>
<msg level="INFO" timestamp="20170420 22:33:54.723">@{menus} = [ Web Service ]</msg>
<status endtime="20170420 22:33:54.725" starttime="20170420 22:33:54.714" status="PASS"></status>
</kw>
<kw library="Collections" name="Remove From List">
<doc>Removes and returns the value specified with an ``index`` from ``list``.</doc>
<arguments>
<arg>${menus}</arg>
<arg>-1</arg>
</arguments>
<assign>
<var>${lastItem}</var>
</assign>
<msg level="INFO" timestamp="20170420 22:33:54.736">${lastItem} = Web Service</msg>
<status endtime="20170420 22:33:54.737" starttime="20170420 22:33:54.729" status="PASS"></status>
</kw>
<kw type="for" name="${menu} IN [ @{menus} ]">
<status endtime="20170420 22:33:54.740" starttime="20170420 22:33:54.739" status="PASS"></status>
</kw>
<kw library="keywords.MenuItemKeywords" name="Radio Button Menu Item Is Selected">
<arguments>
<arg>${lastItem}</arg>
</arguments>
<assign>
<var>${selected}</var>
</assign>
<msg level="INFO" timestamp="20170420 22:33:54.751">${selected} = True</msg>
<status endtime="20170420 22:33:54.753" starttime="20170420 22:33:54.742" status="PASS"></status>
</kw>
<msg level="INFO" timestamp="20170420 22:33:54.756">${selected} = True</msg>
<status endtime="20170420 22:33:54.757" starttime="20170420 22:33:54.708" status="PASS"></status>
</kw>
<kw library="BuiltIn" name="Should Be True">
<doc>Fails if the given condition is not true.</doc>
<arguments>
<arg>${selected}</arg>
</arguments>
<status endtime="20170420 22:33:54.763" starttime="20170420 22:33:54.759" status="PASS"></status>
</kw>
<status endtime="20170420 22:33:54.765" starttime="20170420 22:33:54.702" status="PASS"></status>
</kw>
<kw library="SwingLibrary" name="Get Selected Item From Combo Box">
<doc>Returns an item from a combobox.</doc>
<arguments>
<arg>courseComboBox</arg>
</arguments>
<assign>
<var>${courseId}</var>
</assign>
<msg level="INFO" timestamp="20170420 22:33:55.018">${courseId} = 99000</msg>
<status endtime="20170420 22:33:55.019" starttime="20170420 22:33:54.767" status="PASS"></status>
</kw>
<kw library="BuiltIn" name="Should Be Equal">
<doc>Fails if the given objects are unequal.</doc>
<arguments>
<arg>99000</arg>
<arg>${courseId}</arg>
</arguments>
<status endtime="20170420 22:33:55.023" starttime="20170420 22:33:55.020" status="PASS"></status>
</kw>
<kw library="SwingLibrary" name="Get Selected Item From Combo Box">
<doc>Returns an item from a combobox.</doc>
<arguments>
<arg>columnComboBox</arg>
</arguments>
<assign>
<var>${columnName}</var>
</assign>
<msg level="INFO" timestamp="20170420 22:33:55.272">${columnName} = Total</msg>
<status endtime="20170420 22:33:55.273" starttime="20170420 22:33:55.025" status="PASS"></status>
</kw>
<kw library="BuiltIn" name="Should Be Equal">
<doc>Fails if the given objects are unequal.</doc>
<arguments>
<arg>Total</arg>
<arg>${columnName}</arg>
</arguments>
<status endtime="20170420 22:33:55.279" starttime="20170420 22:33:55.274" status="PASS"></status>
</kw>
<kw library="SwingLibrary" name="Close Window">
<doc>Closes a window.</doc>
<arguments>
<arg>Gamegogy</arg>
</arguments>
<status endtime="20170420 22:33:55.472" starttime="20170420 22:33:55.281" status="PASS"></status>
</kw>
<status critical="yes" endtime="20170420 22:33:55.473" starttime="20170420 22:33:48.702" status="PASS"></status>
</test>
<test name="Test Reselected File Source" id="s1-s6-t3">
<kw library="SwingLibrary" name="Start Application">
<doc>Alias for `Launch Application` keyword</doc>
<arguments>
<arg>edu.jsu.mcis.gamegogy.Main</arg>
<arg>http://inspired.jsu.edu:7272/gamegogy</arg>
</arguments>
<status endtime="20170420 22:33:57.530" starttime="20170420 22:33:55.488" status="PASS"></status>
</kw>
<kw library="SwingLibrary" name="Select Window">
<doc>Selects a window as current context and sets focus to it.</doc>
<arguments>
<arg>Gamegogy</arg>
</arguments>
<status endtime="20170420 22:33:57.564" starttime="20170420 22:33:57.535" status="PASS"></status>
</kw>
<kw library="SwingLibrary" name="Select From Menu">
<doc>Selects an item from the menu of the currently selected window.</doc>
<arguments>
<arg>Source|Web Service</arg>
</arguments>
<status endtime="20170420 22:33:58.083" starttime="20170420 22:33:57.567" status="PASS"></status>
</kw>
<kw library="SwingLibrary" name="Get Selected Item From Combo Box">
<doc>Returns an item from a combobox.</doc>
<arguments>
<arg>courseComboBox</arg>
</arguments>
<assign>
<var>${courseId}</var>
</assign>
<msg level="INFO" timestamp="20170420 22:33:59.532">${courseId} = 99000</msg>
<status endtime="20170420 22:33:59.534" starttime="20170420 22:33:58.087" status="PASS"></status>
</kw>
<kw library="BuiltIn" name="Should Be Equal">
<doc>Fails if the given objects are unequal.</doc>
<arguments>
<arg>99000</arg>
<arg>${courseId}</arg>
</arguments>
<status endtime="20170420 22:33:59.543" starttime="20170420 22:33:59.536" status="PASS"></status>
</kw>
<kw library="SwingLibrary" name="Get Selected Item From Combo Box">
<doc>Returns an item from a combobox.</doc>
<arguments>
<arg>columnComboBox</arg>
</arguments>
<assign>
<var>${columnName}</var>
</assign>
<msg level="INFO" timestamp="20170420 22:33:59.813">${columnName} = Total</msg>
<status endtime="20170420 22:33:59.814" starttime="20170420 22:33:59.546" status="PASS"></status>
</kw>
<kw library="BuiltIn" name="Should Be Equal">
<doc>Fails if the given objects are unequal.</doc>
<arguments>
<arg>Total</arg>
<arg>${columnName}</arg>
</arguments>
<status endtime="20170420 22:33:59.819" starttime="20170420 22:33:59.815" status="PASS"></status>
</kw>
<kw library="SwingLibrary" name="Select From Combo Box">
<doc>Selects an item from a combobox.</doc>
<arguments>
<arg>courseComboBox</arg>
<arg>9</arg>
</arguments>
<status endtime="20170420 22:34:00.130" starttime="20170420 22:33:59.821" status="PASS"></status>
</kw>
<kw library="SwingLibrary" name="Select From Combo Box">
<doc>Selects an item from a combobox.</doc>
<arguments>
<arg>columnComboBox</arg>
<arg>Assignment 7</arg>
</arguments>
<status endtime="20170420 22:34:00.727" starttime="20170420 22:34:00.133" status="PASS"></status>
</kw>
<kw library="SwingLibrary" name="Label Text Should Be">
<doc>Checks the equality of given text and the text displayed on a label.</doc>
<arguments>
<arg>courseTerm</arg>
<arg>Spring 2012</arg>
</arguments>
<status endtime="20170420 22:34:00.736" starttime="20170420 22:34:00.729" status="PASS"></status>
</kw>
<kw library="SwingLibrary" name="Label Text Should Be">
<doc>Checks the equality of given text and the text displayed on a label.</doc>
<arguments>
<arg>courseEnrollment</arg>
<arg>25</arg>
</arguments>
<status endtime="20170420 22:34:00.745" starttime="20170420 22:34:00.738" status="PASS"></status>
</kw>
<kw library="SwingLibrary" name="Label Text Should Be">
<doc>Checks the equality of given text and the text displayed on a label.</doc>
<arguments>
<arg>studentId</arg>
<arg>111122</arg>
</arguments>
<status endtime="20170420 22:34:00.754" starttime="20170420 22:34:00.747" status="PASS"></status>
</kw>
<kw library="SwingLibrary" name="Label Text Should Be">
<doc>Checks the equality of given text and the text displayed on a label.</doc>
<arguments>
<arg>studentName</arg>
<arg>Vance McClain</arg>
</arguments>
<status endtime="20170420 22:34:00.763" starttime="20170420 22:34:00.756" status="PASS"></status>
</kw>
<kw library="SwingLibrary" name="Label Text Should Be">
<doc>Checks the equality of given text and the text displayed on a label.</doc>
<arguments>
<arg>studentEmail</arg>
<arg>vmcclain@jsu.edu</arg>
</arguments>
<status endtime="20170420 22:34:00.770" starttime="20170420 22:34:00.765" status="PASS"></status>
</kw>
<kw library="SwingLibrary" name="Label Text Should Be">
<doc>Checks the equality of given text and the text displayed on a label.</doc>
<arguments>
<arg>studentScore</arg>
<arg>59.0</arg>
</arguments>
<status endtime="20170420 22:34:00.775" starttime="20170420 22:34:00.771" status="PASS"></status>
</kw>
<kw library="SwingLibrary" name="Select From Menu">
<doc>Selects an item from the menu of the currently selected window.</doc>
<arguments>
<arg>Source|Resource File</arg>
</arguments>
<status endtime="20170420 22:34:01.281" starttime="20170420 22:34:00.777" status="PASS"></status>
</kw>
<kw name="Menu Item Should Be Selected">
<arguments>
<arg>Source|Resource File</arg>
</arguments>
<kw name="Is Menu Item Selected">
<arguments>
<arg>${menuText}</arg>
</arguments>
<assign>
<var>${selected}</var>
</assign>
<kw library="String" name="Split String">
<doc>Splits the ``string`` using ``separator`` as a delimiter string.</doc>
<arguments>
<arg>${menuText}</arg>
<arg>\|</arg>
</arguments>
<assign>
<var>@{menus}</var>
</assign>
<msg level="INFO" timestamp="20170420 22:34:01.315">@{menus} = [ Source | Resource File ]</msg>
<status endtime="20170420 22:34:01.317" starttime="20170420 22:34:01.300" status="PASS"></status>
</kw>
<kw library="Collections" name="Remove From List">
<doc>Removes and returns the value specified with an ``index`` from ``list``.</doc>
<arguments>
<arg>${menus}</arg>
<arg>-1</arg>
</arguments>
<assign>
<var>${lastItem}</var>
</assign>
<msg level="INFO" timestamp="20170420 22:34:01.327">${lastItem} = Resource File</msg>
<status endtime="20170420 22:34:01.328" starttime="20170420 22:34:01.319" status="PASS"></status>
</kw>
<kw type="for" name="${menu} IN [ @{menus} ]">
<kw type="foritem" name="${menu} = Source">
<kw library="SwingLibrary" name="Select From Menu">
<doc>Selects an item from the menu of the currently selected window.</doc>
<arguments>
<arg>${menu}</arg>
</arguments>
<status endtime="20170420 22:34:01.781" starttime="20170420 22:34:01.333" status="PASS"></status>
</kw>
<status endtime="20170420 22:34:01.783" starttime="20170420 22:34:01.331" status="PASS"></status>
</kw>
<status endtime="20170420 22:34:01.784" starttime="20170420 22:34:01.329" status="PASS"></status>
</kw>
<kw library="keywords.MenuItemKeywords" name="Radio Button Menu Item Is Selected">
<arguments>
<arg>${lastItem}</arg>
</arguments>
<assign>
<var>${selected}</var>
</assign>
<msg level="INFO" timestamp="20170420 22:34:01.798">${selected} = True</msg>
<status endtime="20170420 22:34:01.800" starttime="20170420 22:34:01.787" status="PASS"></status>
</kw>
<msg level="INFO" timestamp="20170420 22:34:01.804">${selected} = True</msg>
<status endtime="20170420 22:34:01.805" starttime="20170420 22:34:01.291" status="PASS"></status>
</kw>
<kw library="BuiltIn" name="Should Be True">
<doc>Fails if the given condition is not true.</doc>
<arguments>
<arg>${selected}</arg>
</arguments>
<status endtime="20170420 22:34:01.814" starttime="20170420 22:34:01.808" status="PASS"></status>
</kw>
<status endtime="20170420 22:34:01.816" starttime="20170420 22:34:01.285" status="PASS"></status>
</kw>
<kw name="Menu Item Should Not Be Selected">
<arguments>
<arg>Web Service</arg>
</arguments>
<kw name="Is Menu Item Selected">
<arguments>
<arg>${menuText}</arg>
</arguments>
<assign>
<var>${selected}</var>
</assign>
<kw library="String" name="Split String">
<doc>Splits the ``string`` using ``separator`` as a delimiter string.</doc>
<arguments>
<arg>${menuText}</arg>
<arg>\|</arg>
</arguments>
<assign>
<var>@{menus}</var>
</assign>
<msg level="INFO" timestamp="20170420 22:34:01.831">@{menus} = [ Web Service ]</msg>
<status endtime="20170420 22:34:01.833" starttime="20170420 22:34:01.826" status="PASS"></status>
</kw>
<kw library="Collections" name="Remove From List">
<doc>Removes and returns the value specified with an ``index`` from ``list``.</doc>
<arguments>
<arg>${menus}</arg>
<arg>-1</arg>
</arguments>
<assign>
<var>${lastItem}</var>
</assign>
<msg level="INFO" timestamp="20170420 22:34:01.838">${lastItem} = Web Service</msg>
<status endtime="20170420 22:34:01.839" starttime="20170420 22:34:01.834" status="PASS"></status>
</kw>
<kw type="for" name="${menu} IN [ @{menus} ]">
<status endtime="20170420 22:34:01.841" starttime="20170420 22:34:01.839" status="PASS"></status>
</kw>
<kw library="keywords.MenuItemKeywords" name="Radio Button Menu Item Is Selected">
<arguments>
<arg>${lastItem}</arg>
</arguments>
<assign>
<var>${selected}</var>
</assign>
<msg level="INFO" timestamp="20170420 22:34:01.848">${selected} = False</msg>
<status endtime="20170420 22:34:01.849" starttime="20170420 22:34:01.842" status="PASS"></status>
</kw>
<msg level="INFO" timestamp="20170420 22:34:01.851">${selected} = False</msg>
<status endtime="20170420 22:34:01.851" starttime="20170420 22:34:01.821" status="PASS"></status>
</kw>
<kw library="BuiltIn" name="Should Not Be True">
<doc>Fails if the given condition is true.</doc>
<arguments>
<arg>${selected}</arg>
</arguments>
<status endtime="20170420 22:34:01.854" starttime="20170420 22:34:01.852" status="PASS"></status>
</kw>
<status endtime="20170420 22:34:01.854" starttime="20170420 22:34:01.818" status="PASS"></status>
</kw>
<kw library="SwingLibrary" name="Get Selected Item From Combo Box">
<doc>Returns an item from a combobox.</doc>
<arguments>
<arg>courseComboBox</arg>
</arguments>
<assign>
<var>${courseId}</var>
</assign>
<msg level="INFO" timestamp="20170420 22:34:02.100">${courseId} = 99000</msg>
<status endtime="20170420 22:34:02.101" starttime="20170420 22:34:01.855" status="PASS"></status>
</kw>
<kw library="BuiltIn" name="Should Be Equal">
<doc>Fails if the given objects are unequal.</doc>
<arguments>
<arg>99000</arg>
<arg>${courseId}</arg>
</arguments>
<status endtime="20170420 22:34:02.108" starttime="20170420 22:34:02.103" status="PASS"></status>
</kw>
<kw library="SwingLibrary" name="Get Selected Item From Combo Box">
<doc>Returns an item from a combobox.</doc>
<arguments>
<arg>columnComboBox</arg>
</arguments>
<assign>
<var>${columnName}</var>
</assign>
<msg level="INFO" timestamp="20170420 22:34:02.376">${columnName} = Total</msg>
<status endtime="20170420 22:34:02.376" starttime="20170420 22:34:02.110" status="PASS"></status>
</kw>
<kw library="BuiltIn" name="Should Be Equal">
<doc>Fails if the given objects are unequal.</doc>
<arguments>
<arg>Total</arg>
<arg>${columnName}</arg>
</arguments>
<status endtime="20170420 22:34:02.379" starttime="20170420 22:34:02.377" status="PASS"></status>
</kw>
<kw library="SwingLibrary" name="Close Window">
<doc>Closes a window.</doc>
<arguments>
<arg>Gamegogy</arg>
</arguments>
<status endtime="20170420 22:34:02.544" starttime="20170420 22:34:02.380" status="PASS"></status>
</kw>
<status critical="yes" endtime="20170420 22:34:02.547" starttime="20170420 22:33:55.479" status="PASS"></status>
</test>
<status endtime="20170420 22:34:02.561" starttime="20170420 22:33:47.711" status="PASS"></status>
</suite>
<suite source="C:\Users\Joel Branham\Documents\SoftwareEngineering\GamegogySprint4\420\Gamegogy\client\src\test\acceptancetest\feature07a.robot" name="Feature07A" id="s1-s7">
<test name="Test Default File Source" id="s1-s7-t1">
<kw library="SwingLibrary" name="Start Application">
<doc>Alias for `Launch Application` keyword</doc>
<arguments>
<arg>edu.jsu.mcis.gamegogy.Main</arg>
</arguments>
<status endtime="20170420 22:34:02.682" starttime="20170420 22:34:02.642" status="PASS"></status>
</kw>
<kw library="SwingLibrary" name="Select Window">
<doc>Selects a window as current context and sets focus to it.</doc>
<arguments>
<arg>Gamegogy</arg>
</arguments>
<status endtime="20170420 22:34:02.699" starttime="20170420 22:34:02.684" status="PASS"></status>
</kw>
<kw name="Menu Item Should Be Selected">
<arguments>
<arg>Source|Resource File</arg>
</arguments>
<kw name="Is Menu Item Selected">
<arguments>
<arg>${menuText}</arg>
</arguments>
<assign>
<var>${selected}</var>
</assign>
<kw library="String" name="Split String">
<doc>Splits the ``string`` using ``separator`` as a delimiter string.</doc>
<arguments>
<arg>${menuText}</arg>
<arg>\|</arg>
</arguments>
<assign>
<var>@{menus}</var>
</assign>
<msg level="INFO" timestamp="20170420 22:34:02.710">@{menus} = [ Source | Resource File ]</msg>
<status endtime="20170420 22:34:02.711" starttime="20170420 22:34:02.706" status="PASS"></status>
</kw>
<kw library="Collections" name="Remove From List">
<doc>Removes and returns the value specified with an ``index`` from ``list``.</doc>
<arguments>
<arg>${menus}</arg>
<arg>-1</arg>
</arguments>
<assign>
<var>${lastItem}</var>
</assign>
<msg level="INFO" timestamp="20170420 22:34:02.715">${lastItem} = Resource File</msg>
<status endtime="20170420 22:34:02.716" starttime="20170420 22:34:02.712" status="PASS"></status>
</kw>
<kw type="for" name="${menu} IN [ @{menus} ]">
<kw type="foritem" name="${menu} = Source">
<kw library="SwingLibrary" name="Select From Menu">
<doc>Selects an item from the menu of the currently selected window.</doc>
<arguments>
<arg>${menu}</arg>
</arguments>
<status endtime="20170420 22:34:03.167" starttime="20170420 22:34:02.720" status="PASS"></status>
</kw>
<status endtime="20170420 22:34:03.172" starttime="20170420 22:34:02.719" status="PASS"></status>
</kw>
<status endtime="20170420 22:34:03.173" starttime="20170420 22:34:02.717" status="PASS"></status>
</kw>
<kw library="keywords.MenuItemKeywords" name="Radio Button Menu Item Is Selected">
<arguments>
<arg>${lastItem}</arg>
</arguments>
<assign>
<var>${selected}</var>
</assign>
<msg level="INFO" timestamp="20170420 22:34:03.182">${selected} = True</msg>
<status endtime="20170420 22:34:03.183" starttime="20170420 22:34:03.175" status="PASS"></status>
</kw>
<msg level="INFO" timestamp="20170420 22:34:03.186">${selected} = True</msg>
<status endtime="20170420 22:34:03.186" starttime="20170420 22:34:02.703" status="PASS"></status>
</kw>
<kw library="BuiltIn" name="Should Be True">
<doc>Fails if the given condition is not true.</doc>
<arguments>
<arg>${selected}</arg>
</arguments>
<status endtime="20170420 22:34:03.193" starttime="20170420 22:34:03.189" status="PASS"></status>
</kw>
<status endtime="20170420 22:34:03.195" starttime="20170420 22:34:02.700" status="PASS"></status>
</kw>
<kw name="Menu Item Should Not Be Selected">
<arguments>
<arg>Web Service</arg>
</arguments>
<kw name="Is Menu Item Selected">
<arguments>
<arg>${menuText}</arg>
</arguments>
<assign>
<var>${selected}</var>
</assign>
<kw library="String" name="Split String">
<doc>Splits the ``string`` using ``separator`` as a delimiter string.</doc>
<arguments>
<arg>${menuText}</arg>
<arg>\|</arg>
</arguments>
<assign>
<var>@{menus}</var>
</assign>
<msg level="INFO" timestamp="20170420 22:34:03.214">@{menus} = [ Web Service ]</msg>
<status endtime="20170420 22:34:03.215" starttime="20170420 22:34:03.205" status="PASS"></status>
</kw>
<kw library="Collections" name="Remove From List">
<doc>Removes and returns the value specified with an ``index`` from ``list``.</doc>
<arguments>
<arg>${menus}</arg>
<arg>-1</arg>
</arguments>
<assign>
<var>${lastItem}</var>
</assign>
<msg level="INFO" timestamp="20170420 22:34:03.221">${lastItem} = Web Service</msg>
<status endtime="20170420 22:34:03.222" starttime="20170420 22:34:03.216" status="PASS"></status>
</kw>
<kw type="for" name="${menu} IN [ @{menus} ]">
<status endtime="20170420 22:34:03.225" starttime="20170420 22:34:03.224" status="PASS"></status>
</kw>
<kw library="keywords.MenuItemKeywords" name="Radio Button Menu Item Is Selected">
<arguments>
<arg>${lastItem}</arg>
</arguments>
<assign>
<var>${selected}</var>
</assign>
<msg level="INFO" timestamp="20170420 22:34:03.233">${selected} = False</msg>
<status endtime="20170420 22:34:03.234" starttime="20170420 22:34:03.227" status="PASS"></status>
</kw>
<msg level="INFO" timestamp="20170420 22:34:03.237">${selected} = False</msg>
<status endtime="20170420 22:34:03.238" starttime="20170420 22:34:03.201" status="PASS"></status>
</kw>
<kw library="BuiltIn" name="Should Not Be True">
<doc>Fails if the given condition is true.</doc>
<arguments>
<arg>${selected}</arg>
</arguments>
<status endtime="20170420 22:34:03.246" starttime="20170420 22:34:03.241" status="PASS"></status>
</kw>
<status endtime="20170420 22:34:03.250" starttime="20170420 22:34:03.197" status="PASS"></status>
</kw>
<kw library="SwingLibrary" name="Close Window">
<doc>Closes a window.</doc>
<arguments>
<arg>Gamegogy</arg>
</arguments>
<status endtime="20170420 22:34:03.414" starttime="20170420 22:34:03.252" status="PASS"></status>
</kw>
<status critical="yes" endtime="20170420 22:34:03.415" starttime="20170420 22:34:02.639" status="PASS"></status>
</test>
<test name="Test Web Service Source" id="s1-s7-t2">
<kw library="SwingLibrary" name="Start Application">
<doc>Alias for `Launch Application` keyword</doc>
<arguments>
<arg>edu.jsu.mcis.gamegogy.Main</arg>
<arg>http://localhost:8080/gamegogy</arg>
</arguments>
<status endtime="20170420 22:34:04.291" starttime="20170420 22:34:03.427" status="PASS"></status>
</kw>
<kw library="SwingLibrary" name="Select Window">
<doc>Selects a window as current context and sets focus to it.</doc>
<arguments>
<arg>Gamegogy</arg>
</arguments>
<status endtime="20170420 22:34:04.307" starttime="20170420 22:34:04.292" status="PASS"></status>
</kw>
<kw library="SwingLibrary" name="Get Selected Item From Combo Box">
<doc>Returns an item from a combobox.</doc>
<arguments>
<arg>courseComboBox</arg>
</arguments>
<assign>
<var>${courseId}</var>
</assign>
<msg level="INFO" timestamp="20170420 22:34:04.556">${courseId} = 99000</msg>
<status endtime="20170420 22:34:04.556" starttime="20170420 22:34:04.309" status="PASS"></status>
</kw>
<kw library="BuiltIn" name="Should Be Equal">
<doc>Fails if the given objects are unequal.</doc>
<arguments>
<arg>99000</arg>
<arg>${courseId}</arg>
</arguments>
<status endtime="20170420 22:34:04.559" starttime="20170420 22:34:04.557" status="PASS"></status>
</kw>
<kw library="SwingLibrary" name="Get Selected Item From Combo Box">
<doc>Returns an item from a combobox.</doc>
<arguments>
<arg>columnComboBox</arg>
</arguments>
<assign>
<var>${columnName}</var>
</assign>
<msg level="INFO" timestamp="20170420 22:34:04.825">${columnName} = Total</msg>
<status endtime="20170420 22:34:04.826" starttime="20170420 22:34:04.560" status="PASS"></status>
</kw>
<kw library="BuiltIn" name="Should Be Equal">
<doc>Fails if the given objects are unequal.</doc>
<arguments>
<arg>Total</arg>
<arg>${columnName}</arg>
</arguments>
<status endtime="20170420 22:34:04.830" starttime="20170420 22:34:04.826" status="PASS"></status>
</kw>
<kw library="SwingLibrary" name="Select From Combo Box">
<doc>Selects an item from a combobox.</doc>
<arguments>
<arg>courseComboBox</arg>
<arg>9</arg>
</arguments>
<status endtime="20170420 22:34:05.114" starttime="20170420 22:34:04.831" status="PASS"></status>
</kw>
<kw library="SwingLibrary" name="Select From Combo Box">
<doc>Selects an item from a combobox.</doc>
<arguments>
<arg>columnComboBox</arg>
<arg>Assignment 7</arg>
</arguments>
<status endtime="20170420 22:34:05.623" starttime="20170420 22:34:05.115" status="PASS"></status>
</kw>
<kw library="SwingLibrary" name="Label Text Should Be">
<doc>Checks the equality of given text and the text displayed on a label.</doc>
<arguments>
<arg>courseTerm</arg>
<arg>Spring 2012</arg>
</arguments>
<status endtime="20170420 22:34:05.632" starttime="20170420 22:34:05.625" status="PASS"></status>
</kw>
<kw library="SwingLibrary" name="Label Text Should Be">
<doc>Checks the equality of given text and the text displayed on a label.</doc>
<arguments>
<arg>courseEnrollment</arg>
<arg>25</arg>
</arguments>
<status endtime="20170420 22:34:05.641" starttime="20170420 22:34:05.634" status="PASS"></status>
</kw>
<kw library="SwingLibrary" name="Label Text Should Be">
<doc>Checks the equality of given text and the text displayed on a label.</doc>
<arguments>
<arg>studentId</arg>
<arg>111122</arg>
</arguments>
<status endtime="20170420 22:34:05.649" starttime="20170420 22:34:05.643" status="PASS"></status>
</kw>
<kw library="SwingLibrary" name="Label Text Should Be">
<doc>Checks the equality of given text and the text displayed on a label.</doc>
<arguments>
<arg>studentName</arg>
<arg>Vance McClain</arg>
</arguments>
<status endtime="20170420 22:34:05.657" starttime="20170420 22:34:05.651" status="PASS"></status>
</kw>
<kw library="SwingLibrary" name="Label Text Should Be">
<doc>Checks the equality of given text and the text displayed on a label.</doc>
<arguments>
<arg>studentEmail</arg>
<arg>vmcclain@jsu.edu</arg>
</arguments>
<status endtime="20170420 22:34:05.662" starttime="20170420 22:34:05.658" status="PASS"></status>
</kw>
<kw library="SwingLibrary" name="Label Text Should Be">
<doc>Checks the equality of given text and the text displayed on a label.</doc>
<arguments>
<arg>studentScore</arg>
<arg>59.0</arg>
</arguments>
<status endtime="20170420 22:34:05.668" starttime="20170420 22:34:05.663" status="PASS"></status>
</kw>
<kw library="SwingLibrary" name="Select From Menu">
<doc>Selects an item from the menu of the currently selected window.</doc>
<arguments>
<arg>Source|Web Service</arg>
</arguments>
<status endtime="20170420 22:34:06.194" starttime="20170420 22:34:05.669" status="PASS"></status>
</kw>
<kw name="Menu Item Should Not Be Selected">
<arguments>
<arg>Source|Resource File</arg>
</arguments>
<kw name="Is Menu Item Selected">
<arguments>
<arg>${menuText}</arg>
</arguments>
<assign>
<var>${selected}</var>
</assign>
<kw library="String" name="Split String">
<doc>Splits the ``string`` using ``separator`` as a delimiter string.</doc>
<arguments>
<arg>${menuText}</arg>
<arg>\|</arg>
</arguments>
<assign>
<var>@{menus}</var>
</assign>
<msg level="INFO" timestamp="20170420 22:34:06.215">@{menus} = [ Source | Resource File ]</msg>
<status endtime="20170420 22:34:06.222" starttime="20170420 22:34:06.207" status="PASS"></status>
</kw>
<kw library="Collections" name="Remove From List">
<doc>Removes and returns the value specified with an ``index`` from ``list``.</doc>
<arguments>
<arg>${menus}</arg>
<arg>-1</arg>
</arguments>
<assign>
<var>${lastItem}</var>
</assign>
<msg level="INFO" timestamp="20170420 22:34:06.251">${lastItem} = Resource File</msg>
<status endtime="20170420 22:34:06.252" starttime="20170420 22:34:06.246" status="PASS"></status>
</kw>
<kw type="for" name="${menu} IN [ @{menus} ]">
<kw type="foritem" name="${menu} = Source">
<kw library="SwingLibrary" name="Select From Menu">
<doc>Selects an item from the menu of the currently selected window.</doc>
<arguments>
<arg>${menu}</arg>
</arguments>
<status endtime="20170420 22:34:07.233" starttime="20170420 22:34:06.256" status="PASS"></status>
</kw>
<status endtime="20170420 22:34:07.236" starttime="20170420 22:34:06.255" status="PASS"></status>
</kw>
<status endtime="20170420 22:34:07.238" starttime="20170420 22:34:06.253" status="PASS"></status>
</kw>
<kw library="keywords.MenuItemKeywords" name="Radio Button Menu Item Is Selected">
<arguments>
<arg>${lastItem}</arg>
</arguments>
<assign>
<var>${selected}</var>
</assign>
<msg level="INFO" timestamp="20170420 22:34:07.256">${selected} = False</msg>
<status endtime="20170420 22:34:07.258" starttime="20170420 22:34:07.244" status="PASS"></status>
</kw>
<msg level="INFO" timestamp="20170420 22:34:07.262">${selected} = False</msg>
<status endtime="20170420 22:34:07.263" starttime="20170420 22:34:06.202" status="PASS"></status>
</kw>
<kw library="BuiltIn" name="Should Not Be True">
<doc>Fails if the given condition is true.</doc>
<arguments>
<arg>${selected}</arg>
</arguments>
<status endtime="20170420 22:34:07.272" starttime="20170420 22:34:07.266" status="PASS"></status>
</kw>
<status endtime="20170420 22:34:07.274" starttime="20170420 22:34:06.197" status="PASS"></status>
</kw>
<kw name="Menu Item Should Be Selected">
<arguments>
<arg>Web Service</arg>
</arguments>
<kw name="Is Menu Item Selected">
<arguments>
<arg>${menuText}</arg>
</arguments>
<assign>
<var>${selected}</var>
</assign>
<kw library="String" name="Split String">
<doc>Splits the ``string`` using ``separator`` as a delimiter string.</doc>
<arguments>
<arg>${menuText}</arg>
<arg>\|</arg>
</arguments>
<assign>
<var>@{menus}</var>
</assign>
<msg level="INFO" timestamp="20170420 22:34:07.290">@{menus} = [ Web Service ]</msg>
<status endtime="20170420 22:34:07.290" starttime="20170420 22:34:07.285" status="PASS"></status>
</kw>
<kw library="Collections" name="Remove From List">
<doc>Removes and returns the value specified with an ``index`` from ``list``.</doc>
<arguments>
<arg>${menus}</arg>
<arg>-1</arg>
</arguments>
<assign>
<var>${lastItem}</var>
</assign>
<msg level="INFO" timestamp="20170420 22:34:07.296">${lastItem} = Web Service</msg>
<status endtime="20170420 22:34:07.297" starttime="20170420 22:34:07.292" status="PASS"></status>
</kw>
<kw type="for" name="${menu} IN [ @{menus} ]">
<status endtime="20170420 22:34:07.299" starttime="20170420 22:34:07.298" status="PASS"></status>
</kw>
<kw library="keywords.MenuItemKeywords" name="Radio Button Menu Item Is Selected">
<arguments>
<arg>${lastItem}</arg>
</arguments>
<assign>
<var>${selected}</var>
</assign>
<msg level="INFO" timestamp="20170420 22:34:07.306">${selected} = True</msg>
<status endtime="20170420 22:34:07.306" starttime="20170420 22:34:07.301" status="PASS"></status>
</kw>
<msg level="INFO" timestamp="20170420 22:34:07.307">${selected} = True</msg>
<status endtime="20170420 22:34:07.308" starttime="20170420 22:34:07.281" status="PASS"></status>
</kw>
<kw library="BuiltIn" name="Should Be True">
<doc>Fails if the given condition is not true.</doc>
<arguments>
<arg>${selected}</arg>
</arguments>
<status endtime="20170420 22:34:07.310" starttime="20170420 22:34:07.309" status="PASS"></status>
</kw>
<status endtime="20170420 22:34:07.311" starttime="20170420 22:34:07.278" status="PASS"></status>
</kw>
<kw library="SwingLibrary" name="Get Selected Item From Combo Box">
<doc>Returns an item from a combobox.</doc>
<arguments>
<arg>courseComboBox</arg>
</arguments>
<assign>
<var>${courseId}</var>
</assign>
<msg level="INFO" timestamp="20170420 22:34:07.560">${courseId} = 99000</msg>
[...]
<arguments>
<arg>Total</arg>
<arg>${columnName}</arg>
</arguments>
<status endtime="20170420 22:34:07.822" starttime="20170420 22:34:07.816" status="PASS"></status>
</kw>
<kw library="SwingLibrary" name="Close Window">
<doc>Closes a window.</doc>
<arguments>
<arg>Gamegogy</arg>
</arguments>
<status endtime="20170420 22:34:08.010" starttime="20170420 22:34:07.825" status="PASS"></status>
</kw>
<status critical="yes" endtime="20170420 22:34:08.013" starttime="20170420 22:34:03.421" status="PASS"></status>
</test>
<test name="Test Reselected File Source" id="s1-s7-t3">
<kw library="SwingLibrary" name="Start Application">
<doc>Alias for `Launch Application` keyword</doc>
<arguments>
<arg>edu.jsu.mcis.gamegogy.Main</arg>
<arg>http://localhost:8080/gamegogy</arg>
</arguments>
<status endtime="20170420 22:34:08.616" starttime="20170420 22:34:08.025" status="PASS"></status>
</kw>
<kw library="SwingLibrary" name="Select Window">
<doc>Selects a window as current context and sets focus to it.</doc>
<arguments>
<arg>Gamegogy</arg>
</arguments>
<status endtime="20170420 22:34:08.630" starttime="20170420 22:34:08.618" status="PASS"></status>
</kw>
<kw library="SwingLibrary" name="Select From Menu">
<doc>Selects an item from the menu of the currently selected window.</doc>
<arguments>
<arg>Source|Web Service</arg>
</arguments>
<status endtime="20170420 22:34:09.132" starttime="20170420 22:34:08.631" status="PASS"></status>
</kw>
<kw library="SwingLibrary" name="Get Selected Item From Combo Box">
<doc>Returns an item from a combobox.</doc>
<arguments>
<arg>courseComboBox</arg>
</arguments>
<assign>
<var>${courseId}</var>
</assign>
<msg level="INFO" timestamp="20170420 22:34:09.980">${courseId} = 99000</msg>
<status endtime="20170420 22:34:09.980" starttime="20170420 22:34:09.134" status="PASS"></status>
</kw>
<kw library="BuiltIn" name="Should Be Equal">
<doc>Fails if the given objects are unequal.</doc>
<arguments>
<arg>99000</arg>
<arg>${courseId}</arg>
</arguments>
<status endtime="20170420 22:34:09.983" starttime="20170420 22:34:09.981" status="PASS"></status>
</kw>
<kw library="SwingLibrary" name="Get Selected Item From Combo Box">
<doc>Returns an item from a combobox.</doc>
<arguments>
<arg>columnComboBox</arg>
</arguments>
<assign>
<var>${columnName}</var>
</assign>
<msg level="INFO" timestamp="20170420 22:34:10.231">${columnName} = Total</msg>
<status endtime="20170420 22:34:10.232" starttime="20170420 22:34:09.984" status="PASS"></status>
</kw>
<kw library="BuiltIn" name="Should Be Equal">
<doc>Fails if the given objects are unequal.</doc>
<arguments>
<arg>Total</arg>
<arg>${columnName}</arg>
</arguments>
<status endtime="20170420 22:34:10.238" starttime="20170420 22:34:10.234" status="PASS"></status>
</kw>
<kw library="SwingLibrary" name="Select From Combo Box">
<doc>Selects an item from a combobox.</doc>
<arguments>
<arg>courseComboBox</arg>
<arg>9</arg>
</arguments>
<status endtime="20170420 22:34:10.576" starttime="20170420 22:34:10.240" status="PASS"></status>
</kw>
<kw library="SwingLibrary" name="Select From Combo Box">
<doc>Selects an item from a combobox.</doc>
<arguments>
<arg>columnComboBox</arg>
<arg>Assignment 7</arg>
</arguments>
<status endtime="20170420 22:34:11.162" starttime="20170420 22:34:10.578" status="PASS"></status>
</kw>
<kw library="SwingLibrary" name="Label Text Should Be">
<doc>Checks the equality of given text and the text displayed on a label.</doc>
<arguments>
<arg>courseTerm</arg>
<arg>Spring 2012</arg>
</arguments>
<status endtime="20170420 22:34:11.171" starttime="20170420 22:34:11.164" status="PASS"></status>
</kw>
<kw library="SwingLibrary" name="Label Text Should Be">
<doc>Checks the equality of given text and the text displayed on a label.</doc>
<arguments>
<arg>courseEnrollment</arg>
<arg>25</arg>
</arguments>
<status endtime="20170420 22:34:11.179" starttime="20170420 22:34:11.173" status="PASS"></status>
</kw>
<kw library="SwingLibrary" name="Label Text Should Be">
<doc>Checks the equality of given text and the text displayed on a label.</doc>
<arguments>
<arg>studentId</arg>
<arg>111122</arg>
</arguments>
<status endtime="20170420 22:34:11.186" starttime="20170420 22:34:11.180" status="PASS"></status>
</kw>
<kw library="SwingLibrary" name="Label Text Should Be">
<doc>Checks the equality of given text and the text displayed on a label.</doc>
<arguments>
<arg>studentName</arg>
<arg>Vance McClain</arg>
</arguments>
<status endtime="20170420 22:34:11.195" starttime="20170420 22:34:11.187" status="PASS"></status>
</kw>
<kw library="SwingLibrary" name="Label Text Should Be">
<doc>Checks the equality of given text and the text displayed on a label.</doc>
<arguments>
<arg>studentEmail</arg>
<arg>vmcclain@jsu.edu</arg>
</arguments>
<status endtime="20170420 22:34:11.203" starttime="20170420 22:34:11.197" status="PASS"></status>
</kw>
<kw library="SwingLibrary" name="Label Text Should Be">
<doc>Checks the equality of given text and the text displayed on a label.</doc>
<arguments>
<arg>studentScore</arg>
<arg>59.0</arg>
</arguments>
<status endtime="20170420 22:34:11.210" starttime="20170420 22:34:11.205" status="PASS"></status>
</kw>
<kw library="SwingLibrary" name="Select From Menu">
<doc>Selects an item from the menu of the currently selected window.</doc>
<arguments>
<arg>Source|Resource File</arg>
</arguments>
<status endtime="20170420 22:34:11.699" starttime="20170420 22:34:11.211" status="PASS"></status>
</kw>
<kw name="Menu Item Should Be Selected">
<arguments>
<arg>Source|Resource File</arg>
</arguments>
<kw name="Is Menu Item Selected">
<arguments>
<arg>${menuText}</arg>
</arguments>
<assign>
<var>${selected}</var>
</assign>
<kw library="String" name="Split String">
<doc>Splits the ``string`` using ``separator`` as a delimiter string.</doc>
<arguments>
<arg>${menuText}</arg>
<arg>\|</arg>
</arguments>
<assign>
<var>@{menus}</var>
</assign>
<msg level="INFO" timestamp="20170420 22:34:11.721">@{menus} = [ Source | Resource File ]</msg>
<status endtime="20170420 22:34:11.722" starttime="20170420 22:34:11.715" status="PASS"></status>
</kw>
<kw library="Collections" name="Remove From List">
<doc>Removes and returns the value specified with an ``index`` from ``list``.</doc>
<arguments>
<arg>${menus}</arg>
<arg>-1</arg>
</arguments>
<assign>
<var>${lastItem}</var>
</assign>
<msg level="INFO" timestamp="20170420 22:34:11.728">${lastItem} = Resource File</msg>
<status endtime="20170420 22:34:11.729" starttime="20170420 22:34:11.724" status="PASS"></status>
</kw>
<kw type="for" name="${menu} IN [ @{menus} ]">
<kw type="foritem" name="${menu} = Source">
<kw library="SwingLibrary" name="Select From Menu">
<doc>Selects an item from the menu of the currently selected window.</doc>
<arguments>
<arg>${menu}</arg>
</arguments>
<status endtime="20170420 22:34:12.185" starttime="20170420 22:34:11.736" status="PASS"></status>
</kw>
<status endtime="20170420 22:34:12.186" starttime="20170420 22:34:11.734" status="PASS"></status>
</kw>
<status endtime="20170420 22:34:12.188" starttime="20170420 22:34:11.731" status="PASS"></status>
</kw>
<kw library="keywords.MenuItemKeywords" name="Radio Button Menu Item Is Selected">
<arguments>
<arg>${lastItem}</arg>
</arguments>
<assign>
<var>${selected}</var>
</assign>
<msg level="INFO" timestamp="20170420 22:34:12.198">${selected} = True</msg>
<status endtime="20170420 22:34:12.199" starttime="20170420 22:34:12.191" status="PASS"></status>
</kw>
<msg level="INFO" timestamp="20170420 22:34:12.201">${selected} = True</msg>
<status endtime="20170420 22:34:12.202" starttime="20170420 22:34:11.707" status="PASS"></status>
</kw>
<kw library="BuiltIn" name="Should Be True">
<doc>Fails if the given condition is not true.</doc>
<arguments>
<arg>${selected}</arg>
</arguments>
<status endtime="20170420 22:34:12.207" starttime="20170420 22:34:12.204" status="PASS"></status>
</kw>
<status endtime="20170420 22:34:12.209" starttime="20170420 22:34:11.701" status="PASS"></status>
</kw>
<kw name="Menu Item Should Not Be Selected">
<arguments>
<arg>Web Service</arg>
</arguments>
<kw name="Is Menu Item Selected">
<arguments>
<arg>${menuText}</arg>
</arguments>
<assign>
<var>${selected}</var>
</assign>
<kw library="String" name="Split String">
<doc>Splits the ``string`` using ``separator`` as a delimiter string.</doc>
<arguments>
<arg>${menuText}</arg>
<arg>\|</arg>
</arguments>
<assign>
<var>@{menus}</var>
</assign>
<msg level="INFO" timestamp="20170420 22:34:12.223">@{menus} = [ Web Service ]</msg>
<status endtime="20170420 22:34:12.224" starttime="20170420 22:34:12.219" status="PASS"></status>
</kw>
<kw library="Collections" name="Remove From List">
<doc>Removes and returns the value specified with an ``index`` from ``list``.</doc>
<arguments>
<arg>${menus}</arg>
<arg>-1</arg>
</arguments>
<assign>
<var>${lastItem}</var>
</assign>
<msg level="INFO" timestamp="20170420 22:34:12.229">${lastItem} = Web Service</msg>
<status endtime="20170420 22:34:12.229" starttime="20170420 22:34:12.226" status="PASS"></status>
</kw>
<kw type="for" name="${menu} IN [ @{menus} ]">
<status endtime="20170420 22:34:12.231" starttime="20170420 22:34:12.230" status="PASS"></status>
</kw>
<kw library="keywords.MenuItemKeywords" name="Radio Button Menu Item Is Selected">
<arguments>
<arg>${lastItem}</arg>
</arguments>
<assign>
<var>${selected}</var>
</assign>
<msg level="INFO" timestamp="20170420 22:34:12.237">${selected} = False</msg>
<status endtime="20170420 22:34:12.238" starttime="20170420 22:34:12.233" status="PASS"></status>
</kw>
<msg level="INFO" timestamp="20170420 22:34:12.239">${selected} = False</msg>
<status endtime="20170420 22:34:12.240" starttime="20170420 22:34:12.214" status="PASS"></status>
</kw>
<kw library="BuiltIn" name="Should Not Be True">
<doc>Fails if the given condition is true.</doc>
<arguments>
<arg>${selected}</arg>
</arguments>
<status endtime="20170420 22:34:12.243" starttime="20170420 22:34:12.241" status="PASS"></status>
</kw>
<status endtime="20170420 22:34:12.244" starttime="20170420 22:34:12.211" status="PASS"></status>
</kw>
<kw library="SwingLibrary" name="Get Selected Item From Combo Box">
<doc>Returns an item from a combobox.</doc>
<arguments>
<arg>courseComboBox</arg>
</arguments>
<assign>
<var>${courseId}</var>
</assign>
<msg level="INFO" timestamp="20170420 22:34:12.492">${courseId} = 99000</msg>
<status endtime="20170420 22:34:12.493" starttime="20170420 22:34:12.245" status="PASS"></status>
</kw>
<kw library="BuiltIn" name="Should Be Equal">
<doc>Fails if the given objects are unequal.</doc>
<arguments>
<arg>99000</arg>
<arg>${courseId}</arg>
</arguments>
<status endtime="20170420 22:34:12.501" starttime="20170420 22:34:12.495" status="PASS"></status>
</kw>
<kw library="SwingLibrary" name="Get Selected Item From Combo Box">
<doc>Returns an item from a combobox.</doc>
<arguments>
<arg>columnComboBox</arg>
</arguments>
<assign>
<var>${columnName}</var>
</assign>
<msg level="INFO" timestamp="20170420 22:34:12.764">${columnName} = Total</msg>
<status endtime="20170420 22:34:12.765" starttime="20170420 22:34:12.503" status="PASS"></status>
</kw>
<kw library="BuiltIn" name="Should Be Equal">
<doc>Fails if the given objects are unequal.</doc>
<arguments>
<arg>Total</arg>
<arg>${columnName}</arg>
</arguments>
<status endtime="20170420 22:34:12.770" starttime="20170420 22:34:12.766" status="PASS"></status>
</kw>
<kw library="SwingLibrary" name="Close Window">
<doc>Closes a window.</doc>
<arguments>
<arg>Gamegogy</arg>
</arguments>
<status endtime="20170420 22:34:12.969" starttime="20170420 22:34:12.771" status="PASS"></status>
</kw>
<status critical="yes" endtime="20170420 22:34:12.971" starttime="20170420 22:34:08.018" status="PASS"></status>
</test>
<status endtime="20170420 22:34:12.986" starttime="20170420 22:34:02.596" status="PASS"></status>
</suite>
<suite source="C:\Users\Joel Branham\Documents\SoftwareEngineering\GamegogySprint4\420\Gamegogy\client\src\test\acceptancetest\feature07b.robot" name="Feature07B" id="s1-s8">
<test name="Request Student List" id="s1-s8-t1">
<kw library="keywords.ServiceKeywords" name="Get Request">
<arguments>
<arg>http://localhost:8080/gamegogy/studentlist</arg>
</arguments>
<status endtime="20170420 22:34:13.052" starttime="20170420 22:34:13.047" status="PASS"></status>
</kw>
<kw library="keywords.ServiceKeywords" name="Get Response Status">
<assign>
<var>${status}</var>
</assign>
<msg level="INFO" timestamp="20170420 22:34:13.054">${status} = 200</msg>
<status endtime="20170420 22:34:13.055" starttime="20170420 22:34:13.053" status="PASS"></status>
</kw>
<kw library="BuiltIn" name="Should Be Equal As Strings">
<doc>Fails if objects are unequal after converting them to strings.</doc>
<arguments>
<arg>${status}</arg>
<arg>200</arg>
</arguments>
<status endtime="20170420 22:34:13.057" starttime="20170420 22:34:13.055" status="PASS"></status>
</kw>
<kw library="keywords.ServiceKeywords" name="Get Response String">
<assign>
<var>${json}</var>
</assign>
<msg level="INFO" timestamp="20170420 22:34:13.059">${json} = ["111111","111112","111113","111114","111115","111116","111117","111118","111119","111120","111121","111122","111123","111124","111125","111126","111127","111128","111129","111130","111131","111132","...</msg>
<status endtime="20170420 22:34:13.059" starttime="20170420 22:34:13.058" status="PASS"></status>
</kw>
<kw library="BuiltIn" name="Should Be Equal">
<doc>Fails if the given objects are unequal.</doc>
<arguments>
<arg>${json}</arg>
<arg>${f07stulist}</arg>
</arguments>
<status endtime="20170420 22:34:13.063" starttime="20170420 22:34:13.060" status="PASS"></status>
</kw>
<status critical="yes" endtime="20170420 22:34:13.064" starttime="20170420 22:34:13.044" status="PASS"></status>
</test>
<test name="Request Course List" id="s1-s8-t2">
<kw library="keywords.ServiceKeywords" name="Get Request">
<arguments>
<arg>http://localhost:8080/gamegogy/courselist</arg>
</arguments>
<status endtime="20170420 22:34:13.072" starttime="20170420 22:34:13.068" status="PASS"></status>
</kw>
<kw library="keywords.ServiceKeywords" name="Get Response Status">
<assign>
<var>${status}</var>
</assign>
<msg level="INFO" timestamp="20170420 22:34:13.074">${status} = 200</msg>
<status endtime="20170420 22:34:13.074" starttime="20170420 22:34:13.073" status="PASS"></status>
</kw>
<kw library="BuiltIn" name="Should Be Equal As Strings">
<doc>Fails if objects are unequal after converting them to strings.</doc>
<arguments>
<arg>${status}</arg>
<arg>200</arg>
</arguments>
<status endtime="20170420 22:34:13.077" starttime="20170420 22:34:13.075" status="PASS"></status>
</kw>
<kw library="keywords.ServiceKeywords" name="Get Response String">
<assign>
<var>${json}</var>
</assign>
<msg level="INFO" timestamp="20170420 22:34:13.079">${json} = ["99000","99001","99002","99003","99004","99005","99006","99007","99008","99009","99010","99011","99012","99013","99014","99015","99016","99017","99018","99019","99020","99021","99022","99023","99024"...</msg>
<status endtime="20170420 22:34:13.080" starttime="20170420 22:34:13.078" status="PASS"></status>
</kw>
<kw library="BuiltIn" name="Should Be Equal">
<doc>Fails if the given objects are unequal.</doc>
<arguments>
<arg>${json}</arg>
<arg>${f07crslist}</arg>
</arguments>
<status endtime="20170420 22:34:13.082" starttime="20170420 22:34:13.080" status="PASS"></status>
</kw>
<status critical="yes" endtime="20170420 22:34:13.082" starttime="20170420 22:34:13.065" status="PASS"></status>
</test>
<test name="Request Student" id="s1-s8-t3">
<kw library="keywords.ServiceKeywords" name="Get Request">
<arguments>
<arg>http://localhost:8080/gamegogy/student/111122</arg>
</arguments>
<status endtime="20170420 22:34:13.089" starttime="20170420 22:34:13.085" status="PASS"></status>
</kw>
<kw library="keywords.ServiceKeywords" name="Get Response Status">
<assign>
<var>${status}</var>
</assign>
<msg level="INFO" timestamp="20170420 22:34:13.091">${status} = 200</msg>
<status endtime="20170420 22:34:13.092" starttime="20170420 22:34:13.090" status="PASS"></status>
</kw>
<kw library="BuiltIn" name="Should Be Equal As Strings">
<doc>Fails if objects are unequal after converting them to strings.</doc>
<arguments>
<arg>${status}</arg>
<arg>200</arg>
</arguments>
<status endtime="20170420 22:34:13.094" starttime="20170420 22:34:13.092" status="PASS"></status>
</kw>
<kw library="keywords.ServiceKeywords" name="Get Response String">
<assign>
<var>${json}</var>
</assign>
<msg level="INFO" timestamp="20170420 22:34:13.096">${json} = {"id":"111122","first":"Vance","last":"McClain","email":"vmcclain"}</msg>
<status endtime="20170420 22:34:13.096" starttime="20170420 22:34:13.095" status="PASS"></status>
</kw>
<kw library="BuiltIn" name="Should Be Equal">
<doc>Fails if the given objects are unequal.</doc>
<arguments>
<arg>${json}</arg>
<arg>${f07stu}</arg>
</arguments>
<status endtime="20170420 22:34:13.099" starttime="20170420 22:34:13.097" status="PASS"></status>
</kw>
<status critical="yes" endtime="20170420 22:34:13.100" starttime="20170420 22:34:13.083" status="PASS"></status>
</test>
<test name="Request Course" id="s1-s8-t4">
<kw library="keywords.ServiceKeywords" name="Get Request">
<arguments>
<arg>http://localhost:8080/gamegogy/course/99003</arg>
</arguments>
<status endtime="20170420 22:34:13.109" starttime="20170420 22:34:13.105" status="PASS"></status>
</kw>
<kw library="keywords.ServiceKeywords" name="Get Response Status">
<assign>
<var>${status}</var>
</assign>
<msg level="INFO" timestamp="20170420 22:34:13.111">${status} = 200</msg>
<status endtime="20170420 22:34:13.111" starttime="20170420 22:34:13.110" status="PASS"></status>
</kw>
<kw library="BuiltIn" name="Should Be Equal As Strings">
<doc>Fails if objects are unequal after converting them to strings.</doc>
<arguments>
<arg>${status}</arg>
<arg>200</arg>
</arguments>
<status endtime="20170420 22:34:13.114" starttime="20170420 22:34:13.112" status="PASS"></status>
</kw>
<kw library="keywords.ServiceKeywords" name="Get Response String">
<assign>
<var>${json}</var>
</assign>
<msg level="INFO" timestamp="20170420 22:34:13.116">${json} = {"id":"99003","term":"Spring","year":"2012","size":17,"grades":{"colHeaders":["Total","Assignment 1","Assignment 2","Assignment 3","Exam 1","Exam 2","Exam 3"],"rowHeaders":["111115","111133","111307",...</msg>
<status endtime="20170420 22:34:13.116" starttime="20170420 22:34:13.115" status="PASS"></status>
</kw>
<kw library="BuiltIn" name="Should Be Equal">
<doc>Fails if the given objects are unequal.</doc>
<arguments>
<arg>${json}</arg>
<arg>${f07crs}</arg>
</arguments>
<status endtime="20170420 22:34:13.119" starttime="20170420 22:34:13.117" status="PASS"></status>
</kw>
<status critical="yes" endtime="20170420 22:34:13.119" starttime="20170420 22:34:13.102" status="PASS"></status>
</test>
<status endtime="20170420 22:34:13.122" starttime="20170420 22:34:13.012" status="PASS"></status>
</suite>
<status endtime="20170420 22:34:13.139" starttime="20170420 22:33:23.351" status="PASS"></status>
</suite>
<statistics>
<total>
<stat pass="24" fail="0">Critical Tests</stat>
<stat pass="24" fail="0">All Tests</stat>
</total>
<tag>
</tag>
<suite>
<stat pass="24" fail="0" name="Acceptancetest" id="s1">Acceptancetest</stat>
<stat pass="3" fail="0" name="Feature01" id="s1-s1">Acceptancetest.Feature01</stat>
<stat pass="2" fail="0" name="Feature02" id="s1-s2">Acceptancetest.Feature02</stat>
<stat pass="3" fail="0" name="Feature03" id="s1-s3">Acceptancetest.Feature03</stat>
<stat pass="3" fail="0" name="Feature04" id="s1-s4">Acceptancetest.Feature04</stat>
<stat pass="3" fail="0" name="Feature05" id="s1-s5">Acceptancetest.Feature05</stat>
<stat pass="3" fail="0" name="Feature06" id="s1-s6">Acceptancetest.Feature06</stat>
<stat pass="3" fail="0" name="Feature07A" id="s1-s7">Acceptancetest.Feature07A</stat>
<stat pass="4" fail="0" name="Feature07B" id="s1-s8">Acceptancetest.Feature07B</stat>
</suite>
</statistics>
<errors>
</errors>
</robot>
